2022-05-10 15:15:56,411 115 DEBUG ==>YD[2022-05-09], TD[2022-05-10], CD[2022-05-10 15:10:46], count : 0
2022-05-10 15:17:03,361 115 DEBUG ==>YD[2022-05-09], TD[2022-05-10], CD[2022-05-10 15:15:55], count : 0
2022-05-10 15:17:33,613 115 DEBUG ==>YD[2022-05-09], TD[2022-05-10], CD[2022-05-10 15:17:02], count : 0
2022-05-10 15:17:59,902 115 DEBUG ==>YD[2022-05-09], TD[2022-05-10], CD[2022-05-10 15:17:33], count : 0
2022-05-10 15:20:20,161 115 DEBUG ==>YD[2022-05-09], TD[2022-05-10], CD[2022-05-10 14:00:00], count : 8
2022-05-10 15:20:20,208 247 INFO ==>INFO 2 01038955108 20220510140915 5011815 P HSRM HSRM NA [Warning][K.E.ST.은행 M/F 원장 이중화 #5.0205][0x0081]The device pool or SRP is almost full
2022-05-10 15:20:20,208 247 INFO ==>INFO 2 01038955108 20220510140915 5011815 P HSRM HSRM NA [Warning][K.E.ST.은행 M/F 원장 이중화 #5.0205][0x0047]The device pool or SRP is almost full
2022-05-10 15:20:20,223 247 INFO ==>INFO 2 01062109339 20220510140915 5011815 P HSRM HSRM NA [Warning][K.E.ST.은행 M/F 원장 이중화 #5.0205][0x0081]The device pool or SRP is almost full
2022-05-10 15:20:20,223 247 INFO ==>INFO 2 01062109339 20220510140915 5011815 P HSRM HSRM NA [Warning][K.E.ST.은행 M/F 원장 이중화 #5.0205][0x0047]The device pool or SRP is almost full
2022-05-10 15:20:20,223 247 INFO ==>INFO 2 01062109339 20220510140916 5011815 P HSRM HSRM NA [Warning][K.E.ST.은행 M/F 원장 이중화 #5.0205][0x0081]The device pool or SRP is almost full
2022-05-10 15:20:20,239 247 INFO ==>INFO 2 01062109339 20220510140916 5011815 P HSRM HSRM NA [Warning][K.E.ST.은행 M/F 원장 이중화 #5.0205][0x0047]The device pool or SRP is almost full
2022-05-10 15:20:20,239 247 INFO ==>INFO 2 01038955108 20220510140916 5011815 P HSRM HSRM NA [Warning][K.E.ST.은행 M/F 원장 이중화 #5.0205][0x0081]The device pool or SRP is almost full
2022-05-10 15:20:20,239 247 INFO ==>INFO 2 01038955108 20220510140916 5011815 P HSRM HSRM NA [Warning][K.E.ST.은행 M/F 원장 이중화 #5.0205][0x0047]The device pool or SRP is almost full
2022-05-10 16:22:43,976 116 DEBUG ==>YD[2022-05-09], TD[2022-05-10], CD[2022-05-10 15:20:19], count : 12
2022-05-10 16:22:44,039 248 INFO ==>INFO 2 01089827265 20220510154534 5011815 P HSRM HSRM NA [critical][K.E.ST.AML 국외점포.1016][UNISPERE.critical]Symmetrix 000497901016 : Port state has changed to Offline. - Object is: 000497901016:FA-1D:11
2022-05-10 16:22:44,039 248 INFO ==>INFO 2 01030199799 20220510154534 5011815 P HSRM HSRM NA [critical][K.E.ST.AML 국외점포.1016][UNISPERE.critical]Symmetrix 000497901016 : Port state has changed to Offline. - Object is: 000497901016:FA-1D:11
2022-05-10 16:22:44,039 248 INFO ==>INFO 2 01038955108 20220510154534 5011815 P HSRM HSRM NA [critical][K.E.ST.AML 국외점포.1016][UNISPERE.critical]Symmetrix 000497901016 : Port state has changed to Offline. - Object is: 000497901016:FA-1D:11
2022-05-10 16:22:44,054 248 INFO ==>INFO 2 01062109339 20220510154534 5011815 P HSRM HSRM NA [critical][K.E.ST.AML 국외점포.1016][UNISPERE.critical]Symmetrix 000497901016 : Port state has changed to Offline. - Object is: 000497901016:FA-1D:11
2022-05-10 16:22:44,054 248 INFO ==>INFO 2 01062109339 20220510154923 5011815 P HSRM HSRM NA [critical][Y.E.ST.AML 국외점포 DR.1017][UNISPERE.critical]Symmetrix 000497901017 : Port state has changed to Offline. - Object is: 000497901017:FA-1D:28
2022-05-10 16:22:44,054 248 INFO ==>INFO 2 01030199799 20220510154923 5011815 P HSRM HSRM NA [critical][Y.E.ST.AML 국외점포 DR.1017][UNISPERE.critical]Symmetrix 000497901017 : Port state has changed to Offline. - Object is: 000497901017:FA-1D:28
2022-05-10 16:22:44,070 248 INFO ==>INFO 2 01038955108 20220510154923 5011815 P HSRM HSRM NA [critical][Y.E.ST.AML 국외점포 DR.1017][UNISPERE.critical]Symmetrix 000497901017 : Port state has changed to Offline. - Object is: 000497901017:FA-1D:28
2022-05-10 16:22:44,070 248 INFO ==>INFO 2 01089827265 20220510154923 5011815 P HSRM HSRM NA [critical][Y.E.ST.AML 국외점포 DR.1017][UNISPERE.critical]Symmetrix 000497901017 : Port state has changed to Offline. - Object is: 000497901017:FA-1D:28
2022-05-10 16:22:44,070 248 INFO ==>INFO 2 01030199799 20220510154924 5011815 P HSRM HSRM NA [critical][Y.E.ST.AML 국외점포 DR.1017][UNISPERE.critical]Symmetrix 000497901017 : Port state has changed to Offline. - Object is: 000497901017:FA-1D:28
2022-05-10 16:22:44,085 248 INFO ==>INFO 2 01089827265 20220510154924 5011815 P HSRM HSRM NA [critical][Y.E.ST.AML 국외점포 DR.1017][UNISPERE.critical]Symmetrix 000497901017 : Port state has changed to Offline. - Object is: 000497901017:FA-1D:28
2022-05-10 16:22:44,085 248 INFO ==>INFO 2 01062109339 20220510154924 5011815 P HSRM HSRM NA [critical][Y.E.ST.AML 국외점포 DR.1017][UNISPERE.critical]Symmetrix 000497901017 : Port state has changed to Offline. - Object is: 000497901017:FA-1D:28
2022-05-10 16:22:44,085 248 INFO ==>INFO 2 01038955108 20220510154924 5011815 P HSRM HSRM NA [critical][Y.E.ST.AML 국외점포 DR.1017][UNISPERE.critical]Symmetrix 000497901017 : Port state has changed to Offline. - Object is: 000497901017:FA-1D:28
2022-05-10 16:23:44,572 116 DEBUG ==>YD[2022-05-09], TD[2022-05-10], CD[2022-05-10 16:22:43], count : 0
2022-05-10 16:23:44,572 116 DEBUG ==>YD[2022-05-09], TD[2022-05-10], CD[2022-05-10 16:22:43], count : 0
2022-05-10 16:24:37,091 116 DEBUG ==>YD[2022-05-09], TD[2022-05-10], CD[2022-05-10 16:23:44], count : 0
2022-05-10 16:25:28,808 116 DEBUG ==>YD[2022-05-09], TD[2022-05-10], CD[2022-05-10 16:24:36], count : 0
2022-05-10 16:33:27,267 116 DEBUG ==>YD[2022-05-09], TD[2022-05-10], CD[2022-05-10 16:25:28], count : 4
2022-05-10 16:33:27,283 248 INFO ==>INFO 2 01089827265 20220510163519 5011815 P HSRM HSRM NA [critical][K.E.ST.AML 국외점포.1016][UNISPERE.critical]Symmetrix 000497901016 : Port state has changed to Offline. - Object is: 000497901016:FA-1D:28
2022-05-10 16:33:27,298 248 INFO ==>INFO 2 01030199799 20220510163519 5011815 P HSRM HSRM NA [critical][K.E.ST.AML 국외점포.1016][UNISPERE.critical]Symmetrix 000497901016 : Port state has changed to Offline. - Object is: 000497901016:FA-1D:28
2022-05-10 16:33:27,298 248 INFO ==>INFO 2 01038955108 20220510163519 5011815 P HSRM HSRM NA [critical][K.E.ST.AML 국외점포.1016][UNISPERE.critical]Symmetrix 000497901016 : Port state has changed to Offline. - Object is: 000497901016:FA-1D:28
2022-05-10 16:33:27,298 248 INFO ==>INFO 2 01062109339 20220510163519 5011815 P HSRM HSRM NA [critical][K.E.ST.AML 국외점포.1016][UNISPERE.critical]Symmetrix 000497901016 : Port state has changed to Offline. - Object is: 000497901016:FA-1D:28
2022-05-10 16:49:45,335 115 DEBUG ==>YD[2022-05-09], TD[2022-05-10], CD[2022-05-10 16:32:26], count : 40
2022-05-10 16:49:45,445 250 INFO ==>INFO 2 01038955108 20220510163517 5011815 P HSRM HSRM NA [critical][Y.E.ST.AML 국외점포 DR.1017][UNISPERE.critical]Symmetrix 000497901017 : Port state has changed to Offline. - Object is: 000497901017:FA-1D:26
2022-05-10 16:49:45,460 250 INFO ==>INFO 2 01089827265 20220510163517 5011815 P HSRM HSRM NA [critical][Y.E.ST.AML 국외점포 DR.1017][UNISPERE.critical]Symmetrix 000497901017 : Port state has changed to Offline. - Object is: 000497901017:FA-1D:26
2022-05-10 16:49:45,460 250 INFO ==>INFO 2 01030199799 20220510163517 5011815 P HSRM HSRM NA [critical][Y.E.ST.AML 국외점포 DR.1017][UNISPERE.critical]Symmetrix 000497901017 : Port state has changed to Offline. - Object is: 000497901017:FA-1D:26
2022-05-10 16:49:45,476 250 INFO ==>INFO 2 01062109339 20220510163517 5011815 P HSRM HSRM NA [critical][Y.E.ST.AML 국외점포 DR.1017][UNISPERE.critical]Symmetrix 000497901017 : Port state has changed to Offline. - Object is: 000497901017:FA-1D:26
2022-05-10 16:49:45,476 250 INFO ==>INFO 2 01089827265 20220510163518 5011815 P HSRM HSRM NA [critical][Y.E.ST.AML 국외점포 DR.1017][UNISPERE.critical]Symmetrix 000497901017 : Port state has changed to Offline. - Object is: 000497901017:FA-2D:28
2022-05-10 16:49:45,476 250 INFO ==>INFO 2 01038955108 20220510163518 5011815 P HSRM HSRM NA [critical][Y.E.ST.AML 국외점포 DR.1017][UNISPERE.critical]Symmetrix 000497901017 : Port state has changed to Offline. - Object is: 000497901017:FA-2D:28
2022-05-10 16:49:45,476 250 INFO ==>INFO 2 01030199799 20220510163518 5011815 P HSRM HSRM NA [critical][Y.E.ST.AML 국외점포 DR.1017][UNISPERE.critical]Symmetrix 000497901017 : Port state has changed to Offline. - Object is: 000497901017:FA-2D:28
2022-05-10 16:49:45,492 250 INFO ==>INFO 2 01062109339 20220510163518 5011815 P HSRM HSRM NA [critical][Y.E.ST.AML 국외점포 DR.1017][UNISPERE.critical]Symmetrix 000497901017 : Port state has changed to Offline. - Object is: 000497901017:FA-2D:28
2022-05-10 16:49:45,492 250 INFO ==>INFO 2 01038955108 20220510163519 5011815 P HSRM HSRM NA [critical][K.E.ST.AML 국외점포.1016][UNISPERE.critical]Symmetrix 000497901016 : Port state has changed to Offline. - Object is: 000497901016:FA-1D:28
2022-05-10 16:49:45,492 250 INFO ==>INFO 2 01089827265 20220510163519 5011815 P HSRM HSRM NA [critical][K.E.ST.AML 국외점포.1016][UNISPERE.critical]Symmetrix 000497901016 : Port state has changed to Offline. - Object is: 000497901016:FA-1D:28
2022-05-10 16:49:45,492 250 INFO ==>INFO 2 01062109339 20220510163519 5011815 P HSRM HSRM NA [critical][K.E.ST.AML 국외점포.1016][UNISPERE.critical]Symmetrix 000497901016 : Port state has changed to Offline. - Object is: 000497901016:FA-1D:28
2022-05-10 16:49:45,492 250 INFO ==>INFO 2 01030199799 20220510163519 5011815 P HSRM HSRM NA [critical][K.E.ST.AML 국외점포.1016][UNISPERE.critical]Symmetrix 000497901016 : Port state has changed to Offline. - Object is: 000497901016:FA-1D:28
2022-05-10 16:49:45,513 250 INFO ==>INFO 2 01038955108 20220510164257 5011815 P HSRM HSRM NA [Critical][K.E.SW.정보계 & 온라인 D13.Q00D][SWI.MON.SFP.RX.I8][2022-05-10 16:42:57][Critical][SFP RX][K.E.SW.정보계 & 온라인 D13.Q00D (BRCCHQ1911Q00D)][Index:8,Slot:N/A,Port:8] SFP Rx Power 0.4uW [Port Speed:16, Threshold:200uW], Linked Devices : [SVR] emrdbo01,emrdbo02,emreto01,emreto02  [STG] 297700477(K.E.ST.온라인 업무 #1.0477)
2022-05-10 16:49:45,517 250 INFO ==>INFO 2 01030199799 20220510164257 5011815 P HSRM HSRM NA [Critical][K.E.SW.정보계 & 온라인 D13.Q00D][SWI.MON.SFP.RX.I8][2022-05-10 16:42:57][Critical][SFP RX][K.E.SW.정보계 & 온라인 D13.Q00D (BRCCHQ1911Q00D)][Index:8,Slot:N/A,Port:8] SFP Rx Power 0.4uW [Port Speed:16, Threshold:200uW], Linked Devices : [SVR] emrdbo01,emrdbo02,emreto01,emreto02  [STG] 297700477(K.E.ST.온라인 업무 #1.0477)
2022-05-10 16:49:45,520 250 INFO ==>INFO 2 01089827265 20220510164257 5011815 P HSRM HSRM NA [Critical][K.E.SW.정보계 & 온라인 D13.Q00D][SWI.MON.SFP.RX.I8][2022-05-10 16:42:57][Critical][SFP RX][K.E.SW.정보계 & 온라인 D13.Q00D (BRCCHQ1911Q00D)][Index:8,Slot:N/A,Port:8] SFP Rx Power 0.4uW [Port Speed:16, Threshold:200uW], Linked Devices : [SVR] emrdbo01,emrdbo02,emreto01,emreto02  [STG] 297700477(K.E.ST.온라인 업무 #1.0477)
2022-05-10 16:49:45,526 250 INFO ==>INFO 2 01062109339 20220510164257 5011815 P HSRM HSRM NA [Critical][K.E.SW.정보계 & 온라인 D13.Q00D][SWI.MON.SFP.RX.I8][2022-05-10 16:42:57][Critical][SFP RX][K.E.SW.정보계 & 온라인 D13.Q00D (BRCCHQ1911Q00D)][Index:8,Slot:N/A,Port:8] SFP Rx Power 0.4uW [Port Speed:16, Threshold:200uW], Linked Devices : [SVR] emrdbo01,emrdbo02,emreto01,emreto02  [STG] 297700477(K.E.ST.온라인 업무 #1.0477)
2022-05-10 16:49:45,529 250 INFO ==>INFO 2 01089827265 20220510164429 5011815 P HSRM HSRM NA [Warning][K.E.ST.온라인 업무 #1.0477][0x000f]A Fibre Channel optical module has experienced a problem
2022-05-10 16:49:45,534 250 INFO ==>INFO 2 01030199799 20220510164429 5011815 P HSRM HSRM NA [Warning][K.E.ST.온라인 업무 #1.0477][0x000f]A Fibre Channel optical module has experienced a problem
2022-05-10 16:49:45,537 250 INFO ==>INFO 2 01038955108 20220510164429 5011815 P HSRM HSRM NA [Warning][K.E.ST.온라인 업무 #1.0477][0x000f]A Fibre Channel optical module has experienced a problem
2022-05-10 16:49:45,540 250 INFO ==>INFO 2 01062109339 20220510164429 5011815 P HSRM HSRM NA [Warning][K.E.ST.온라인 업무 #1.0477][0x000f]A Fibre Channel optical module has experienced a problem
2022-05-10 16:49:45,545 250 INFO ==>INFO 2 01038955108 20220510164643 5011815 P HSRM HSRM NA [warning][K.E.ST.온라인 업무 #1.0477][UNISPERE.warning]Symmetrix 000297700477 : Fibre Channel front-end has failed or is inoperable. - Object is: 000297700477:IM-2A
2022-05-10 16:49:45,547 250 INFO ==>INFO 2 01038955108 20220510164643 5011815 P HSRM HSRM NA [N/A][K.E.ST.온라인 업무 #1.0477][]
2022-05-10 16:49:45,550 250 INFO ==>INFO 2 01089827265 20220510164643 5011815 P HSRM HSRM NA [warning][K.E.ST.온라인 업무 #1.0477][UNISPERE.warning]Symmetrix 000297700477 : Fibre Channel front-end has failed or is inoperable. - Object is: 000297700477:IM-2A
2022-05-10 16:49:45,555 250 INFO ==>INFO 2 01062109339 20220510164643 5011815 P HSRM HSRM NA [warning][K.E.ST.온라인 업무 #1.0477][UNISPERE.warning]Symmetrix 000297700477 : Fibre Channel front-end has failed or is inoperable. - Object is: 000297700477:IM-2A
2022-05-10 16:49:45,558 250 INFO ==>INFO 2 01030199799 20220510164643 5011815 P HSRM HSRM NA [N/A][K.E.ST.온라인 업무 #1.0477][]
2022-05-10 16:49:45,561 250 INFO ==>INFO 2 01030199799 20220510164643 5011815 P HSRM HSRM NA [warning][K.E.ST.온라인 업무 #1.0477][UNISPERE.warning]Symmetrix 000297700477 : Fibre Channel front-end has failed or is inoperable. - Object is: 000297700477:IM-2A
2022-05-10 16:49:45,563 250 INFO ==>INFO 2 01089827265 20220510164643 5011815 P HSRM HSRM NA [N/A][K.E.ST.온라인 업무 #1.0477][]
2022-05-10 16:49:45,569 250 INFO ==>INFO 2 01062109339 20220510164643 5011815 P HSRM HSRM NA [N/A][K.E.ST.온라인 업무 #1.0477][]
2022-05-10 16:49:45,569 250 INFO ==>INFO 2 01030199799 20220510164752 5011815 P HSRM HSRM NA [Critical][K.E.SW.정보계 & 온라인 D14.Q00E][SWI.MON.SFP.RX.I8][2022-05-10 16:47:52][Critical][SFP RX][K.E.SW.정보계 & 온라인 D14.Q00E (BRCCHQ1911Q00E)][Index:8,Slot:N/A,Port:8] SFP Rx Power 0.9uW [Port Speed:16, Threshold:200uW], Linked Devices : [SVR] emrdbo01,emrdbo02,emreto01,emreto02  [STG] 297700477(K.E.ST.온라인 업무 #1.0477)
2022-05-10 16:49:45,585 250 INFO ==>INFO 2 01089827265 20220510164752 5011815 P HSRM HSRM NA [Critical][K.E.SW.정보계 & 온라인 D14.Q00E][SWI.MON.SFP.RX.I8][2022-05-10 16:47:52][Critical][SFP RX][K.E.SW.정보계 & 온라인 D14.Q00E (BRCCHQ1911Q00E)][Index:8,Slot:N/A,Port:8] SFP Rx Power 0.9uW [Port Speed:16, Threshold:200uW], Linked Devices : [SVR] emrdbo01,emrdbo02,emreto01,emreto02  [STG] 297700477(K.E.ST.온라인 업무 #1.0477)
2022-05-10 16:49:45,585 250 INFO ==>INFO 2 01038955108 20220510164752 5011815 P HSRM HSRM NA [Critical][K.E.SW.정보계 & 온라인 D14.Q00E][SWI.MON.SFP.RX.I8][2022-05-10 16:47:52][Critical][SFP RX][K.E.SW.정보계 & 온라인 D14.Q00E (BRCCHQ1911Q00E)][Index:8,Slot:N/A,Port:8] SFP Rx Power 0.9uW [Port Speed:16, Threshold:200uW], Linked Devices : [SVR] emrdbo01,emrdbo02,emreto01,emreto02  [STG] 297700477(K.E.ST.온라인 업무 #1.0477)
2022-05-10 16:49:45,585 250 INFO ==>INFO 2 01062109339 20220510164752 5011815 P HSRM HSRM NA [Critical][K.E.SW.정보계 & 온라인 D14.Q00E][SWI.MON.SFP.RX.I8][2022-05-10 16:47:52][Critical][SFP RX][K.E.SW.정보계 & 온라인 D14.Q00E (BRCCHQ1911Q00E)][Index:8,Slot:N/A,Port:8] SFP Rx Power 0.9uW [Port Speed:16, Threshold:200uW], Linked Devices : [SVR] emrdbo01,emrdbo02,emreto01,emreto02  [STG] 297700477(K.E.ST.온라인 업무 #1.0477)
2022-05-10 16:49:45,600 250 INFO ==>INFO 2 01038955108 20220510164753 5011815 P HSRM HSRM NA [Critical][K.E.SW.온라인 - D32 (8G).L00C][SWI.MON.SFP.RX.I38][2022-05-10 16:47:53][Critical][SFP RX][K.E.SW.온라인 - D32 (8G).L00C (BRCANN1946L00C)][Index:38,Slot:1,Port:38] SFP Rx Power 0.1uW [Port Speed:8, Threshold:150uW], Linked Devices :
2022-05-10 16:49:45,600 250 INFO ==>INFO 2 01089827265 20220510164753 5011815 P HSRM HSRM NA [Critical][K.E.SW.온라인 - D32 (8G).L00C][SWI.MON.SFP.RX.I38][2022-05-10 16:47:53][Critical][SFP RX][K.E.SW.온라인 - D32 (8G).L00C (BRCANN1946L00C)][Index:38,Slot:1,Port:38] SFP Rx Power 0.1uW [Port Speed:8, Threshold:150uW], Linked Devices :
2022-05-10 16:49:45,600 250 INFO ==>INFO 2 01089827265 20220510164753 5011815 P HSRM HSRM NA [Critical][K.E.SW.온라인 - D32 (8G).L00C][SWI.MON.SFP.RX.I39][2022-05-10 16:47:53][Critical][SFP RX][K.E.SW.온라인 - D32 (8G).L00C (BRCANN1946L00C)][Index:39,Slot:1,Port:39] SFP Rx Power 0.1uW [Port Speed:8, Threshold:150uW], Linked Devices :
2022-05-10 16:49:45,616 250 INFO ==>INFO 2 01038955108 20220510164753 5011815 P HSRM HSRM NA [Critical][K.E.SW.온라인 - D32 (8G).L00C][SWI.MON.SFP.RX.I39][2022-05-10 16:47:53][Critical][SFP RX][K.E.SW.온라인 - D32 (8G).L00C (BRCANN1946L00C)][Index:39,Slot:1,Port:39] SFP Rx Power 0.1uW [Port Speed:8, Threshold:150uW], Linked Devices :
2022-05-10 16:49:45,616 250 INFO ==>INFO 2 01062109339 20220510164753 5011815 P HSRM HSRM NA [Critical][K.E.SW.온라인 - D32 (8G).L00C][SWI.MON.SFP.RX.I39][2022-05-10 16:47:53][Critical][SFP RX][K.E.SW.온라인 - D32 (8G).L00C (BRCANN1946L00C)][Index:39,Slot:1,Port:39] SFP Rx Power 0.1uW [Port Speed:8, Threshold:150uW], Linked Devices :
2022-05-10 16:49:45,616 250 INFO ==>INFO 2 01062109339 20220510164753 5011815 P HSRM HSRM NA [Critical][K.E.SW.온라인 - D32 (8G).L00C][SWI.MON.SFP.RX.I38][2022-05-10 16:47:53][Critical][SFP RX][K.E.SW.온라인 - D32 (8G).L00C (BRCANN1946L00C)][Index:38,Slot:1,Port:38] SFP Rx Power 0.1uW [Port Speed:8, Threshold:150uW], Linked Devices :
2022-05-10 16:49:45,631 250 INFO ==>INFO 2 01030199799 20220510164753 5011815 P HSRM HSRM NA [Critical][K.E.SW.온라인 - D32 (8G).L00C][SWI.MON.SFP.RX.I38][2022-05-10 16:47:53][Critical][SFP RX][K.E.SW.온라인 - D32 (8G).L00C (BRCANN1946L00C)][Index:38,Slot:1,Port:38] SFP Rx Power 0.1uW [Port Speed:8, Threshold:150uW], Linked Devices :
2022-05-10 16:49:45,631 250 INFO ==>INFO 2 01030199799 20220510164753 5011815 P HSRM HSRM NA [Critical][K.E.SW.온라인 - D32 (8G).L00C][SWI.MON.SFP.RX.I39][2022-05-10 16:47:53][Critical][SFP RX][K.E.SW.온라인 - D32 (8G).L00C (BRCANN1946L00C)][Index:39,Slot:1,Port:39] SFP Rx Power 0.1uW [Port Speed:8, Threshold:150uW], Linked Devices :
2022-05-10 16:49:48,069 115 DEBUG ==>YD[2022-05-09], TD[2022-05-10], CD[2022-05-10 16:48:44], count : 0
2022-05-10 16:50:11,839 115 DEBUG ==>YD[2022-05-09], TD[2022-05-10], CD[2022-05-10 16:48:47], count : 0
2022-05-10 16:56:58,557 115 DEBUG ==>YD[2022-05-09], TD[2022-05-10], QCD[2022-05-10 16:54:31], CD[2022-05-10 16:55:31], count : 0
2022-05-10 16:57:24,671 115 DEBUG ==>YD[2022-05-09], TD[2022-05-10], QCD[2022-05-10 16:55:58], CD[2022-05-10 16:56:58], count : 0
2022-05-10 18:21:04,885 116 DEBUG ==>YD[2022-05-09], TD[2022-05-10], QCD[2022-05-10 16:56:24], CD[2022-05-10 16:57:24], count : 37
2022-05-10 18:21:05,014 253 INFO ==>INFO 2 01089827265 20220510164428 5011815 P HSRM HSRM NA [Warning][K.E.ST.온라인 업무 #1.0477][0x000f]A Fibre Channel optical module has experienced a problem
2022-05-10 18:21:25,009 116 DEBUG ==>YD[2022-05-09], TD[2022-05-10], QCD[2022-05-10 18:20:04], CD[2022-05-10 18:21:04], count : 0
2022-05-10 18:33:25,963 253 INFO ==>INFO 2 01090982151 20220510182658 5011815 P HSRM HSRM NA [Acute][Y.H.ST.이미지 HCP Storage DR Node.0056][FFE800]This is a test code 20220510.[PORT:1A]
2022-05-10 18:35:04,585 253 INFO ==>INFO 2 01038955108 20220510154534 5011815 P HSRM HSRM NA [critical][K.E.ST.AML 국외점포.1016][UNISPERE.critical]Symmetrix 000497901016 : Port state has changed to Offline. - Object is: 000497901016:FA-1D:11
2022-05-10 18:38:26,753 253 INFO ==>INFO 2 01089827265 20220510183746 5011815 P HSRM HSRM NA [Critical][K.E.SW.온라인 - D31 (8G).L00A][SWI.MON.SFP.RX.I223][2022-05-10 18:37:46][Critical][SFP RX][K.E.SW.온라인 - D31 (8G).L00A (BRCANN1946L00A)][Index:223,Slot:8,Port:31] SFP Rx Power 0.1uW [Port Speed:8, Threshold:150uW], Linked Devices :
2022-05-10 18:59:18,958 253 INFO ==>INFO 2 01062109339 20220510183746 5011815 P HSRM HSRM NA [Critical][K.E.SW.온라인 - D31 (8G).L00A][SWI.MON.SFP.RX.I31][2022-05-10 18:37:46][Critical][SFP RX][K.E.SW.온라인 - D31 (8G).L00A (BRCANN1946L00A)][Index:31,Slot:1,Port:31] SFP Rx Power 1.2uW [Port Speed:8, Threshold:150uW], Linked Devices :
2022-05-10 18:59:18,958 263 INFO ==>dup msg  :INFO 2 01062109339 20220510183746 5011815 P HSRM HSRM NA [Critical][K.E.SW.온라인  D31 (8G).L00A][SWI.MON.SFP.RX.I31][20220510 18:37:46][Critical][SFP RX][K.E.SW.온라인  D31 (8G).L00A (BRCANN1946L00A)][Index:31,Slot:1,Port:31] SFP Rx Power 1.2uW [Port Speed:8, Threshold:150uW], Linked Devices :
2022-05-10 18:59:18,958 253 INFO ==>INFO 2 01089827265 20220510183746 5011815 P HSRM HSRM NA [Critical][K.E.SW.온라인 - D31 (8G).L00A][SWI.MON.SFP.RX.I223][2022-05-10 18:37:46][Critical][SFP RX][K.E.SW.온라인 - D31 (8G).L00A (BRCANN1946L00A)][Index:223,Slot:8,Port:31] SFP Rx Power 0.1uW [Port Speed:8, Threshold:150uW], Linked Devices :
2022-05-10 18:59:18,958 263 INFO ==>dup msg  :INFO 2 01089827265 20220510183746 5011815 P HSRM HSRM NA [Critical][K.E.SW.온라인  D31 (8G).L00A][SWI.MON.SFP.RX.I223][20220510 18:37:46][Critical][SFP RX][K.E.SW.온라인  D31 (8G).L00A (BRCANN1946L00A)][Index:223,Slot:8,Port:31] SFP Rx Power 0.1uW [Port Speed:8, Threshold:150uW], Linked Devices :
2022-05-10 18:59:18,958 253 INFO ==>INFO 2 01089827265 20220510183746 5011815 P HSRM HSRM NA [Critical][K.E.SW.온라인 - D31 (8G).L00A][SWI.MON.SFP.RX.I210][2022-05-10 18:37:46][Critical][SFP RX][K.E.SW.온라인 - D31 (8G).L00A (BRCANN1946L00A)][Index:210,Slot:8,Port:18] SFP Rx Power 0.1uW [Port Speed:8, Threshold:150uW], Linked Devices :
2022-05-10 18:59:18,973 263 INFO ==>dup msg  :INFO 2 01089827265 20220510183746 5011815 P HSRM HSRM NA [Critical][K.E.SW.온라인  D31 (8G).L00A][SWI.MON.SFP.RX.I210][20220510 18:37:46][Critical][SFP RX][K.E.SW.온라인  D31 (8G).L00A (BRCANN1946L00A)][Index:210,Slot:8,Port:18] SFP Rx Power 0.1uW [Port Speed:8, Threshold:150uW], Linked Devices :
2022-05-10 18:59:18,973 253 INFO ==>INFO 2 01089827265 20220510183746 5011815 P HSRM HSRM NA [Critical][K.E.SW.온라인 - D31 (8G).L00A][SWI.MON.SFP.RX.I82][2022-05-10 18:37:46][Critical][SFP RX][K.E.SW.온라인 - D31 (8G).L00A (BRCANN1946L00A)][Index:82,Slot:2,Port:18] SFP Rx Power 0.1uW [Port Speed:8, Threshold:150uW], Linked Devices :
2022-05-10 18:59:18,973 263 INFO ==>dup msg  :INFO 2 01089827265 20220510183746 5011815 P HSRM HSRM NA [Critical][K.E.SW.온라인  D31 (8G).L00A][SWI.MON.SFP.RX.I82][20220510 18:37:46][Critical][SFP RX][K.E.SW.온라인  D31 (8G).L00A (BRCANN1946L00A)][Index:82,Slot:2,Port:18] SFP Rx Power 0.1uW [Port Speed:8, Threshold:150uW], Linked Devices :
2022-05-10 18:59:18,973 253 INFO ==>INFO 2 01089827265 20220510183746 5011815 P HSRM HSRM NA [Critical][K.E.SW.온라인 - D31 (8G).L00A][SWI.MON.SFP.RX.I31][2022-05-10 18:37:46][Critical][SFP RX][K.E.SW.온라인 - D31 (8G).L00A (BRCANN1946L00A)][Index:31,Slot:1,Port:31] SFP Rx Power 1.2uW [Port Speed:8, Threshold:150uW], Linked Devices :
2022-05-10 18:59:18,973 263 INFO ==>dup msg  :INFO 2 01089827265 20220510183746 5011815 P HSRM HSRM NA [Critical][K.E.SW.온라인  D31 (8G).L00A][SWI.MON.SFP.RX.I31][20220510 18:37:46][Critical][SFP RX][K.E.SW.온라인  D31 (8G).L00A (BRCANN1946L00A)][Index:31,Slot:1,Port:31] SFP Rx Power 1.2uW [Port Speed:8, Threshold:150uW], Linked Devices :
2022-05-10 18:59:18,973 253 INFO ==>INFO 2 01030199799 20220510183746 5011815 P HSRM HSRM NA [Critical][K.E.SW.온라인 - D31 (8G).L00A][SWI.MON.SFP.RX.I223][2022-05-10 18:37:46][Critical][SFP RX][K.E.SW.온라인 - D31 (8G).L00A (BRCANN1946L00A)][Index:223,Slot:8,Port:31] SFP Rx Power 0.1uW [Port Speed:8, Threshold:150uW], Linked Devices :
2022-05-10 18:59:18,973 263 INFO ==>dup msg  :INFO 2 01030199799 20220510183746 5011815 P HSRM HSRM NA [Critical][K.E.SW.온라인  D31 (8G).L00A][SWI.MON.SFP.RX.I223][20220510 18:37:46][Critical][SFP RX][K.E.SW.온라인  D31 (8G).L00A (BRCANN1946L00A)][Index:223,Slot:8,Port:31] SFP Rx Power 0.1uW [Port Speed:8, Threshold:150uW], Linked Devices :
2022-05-10 18:59:18,989 253 INFO ==>INFO 2 01030199799 20220510183746 5011815 P HSRM HSRM NA [Critical][K.E.SW.온라인 - D31 (8G).L00A][SWI.MON.SFP.RX.I210][2022-05-10 18:37:46][Critical][SFP RX][K.E.SW.온라인 - D31 (8G).L00A (BRCANN1946L00A)][Index:210,Slot:8,Port:18] SFP Rx Power 0.1uW [Port Speed:8, Threshold:150uW], Linked Devices :
2022-05-10 18:59:18,989 263 INFO ==>dup msg  :INFO 2 01030199799 20220510183746 5011815 P HSRM HSRM NA [Critical][K.E.SW.온라인  D31 (8G).L00A][SWI.MON.SFP.RX.I210][20220510 18:37:46][Critical][SFP RX][K.E.SW.온라인  D31 (8G).L00A (BRCANN1946L00A)][Index:210,Slot:8,Port:18] SFP Rx Power 0.1uW [Port Speed:8, Threshold:150uW], Linked Devices :
2022-05-10 18:59:18,989 253 INFO ==>INFO 2 01030199799 20220510183746 5011815 P HSRM HSRM NA [Critical][K.E.SW.온라인 - D31 (8G).L00A][SWI.MON.SFP.RX.I82][2022-05-10 18:37:46][Critical][SFP RX][K.E.SW.온라인 - D31 (8G).L00A (BRCANN1946L00A)][Index:82,Slot:2,Port:18] SFP Rx Power 0.1uW [Port Speed:8, Threshold:150uW], Linked Devices :
2022-05-10 18:59:18,989 263 INFO ==>dup msg  :INFO 2 01030199799 20220510183746 5011815 P HSRM HSRM NA [Critical][K.E.SW.온라인  D31 (8G).L00A][SWI.MON.SFP.RX.I82][20220510 18:37:46][Critical][SFP RX][K.E.SW.온라인  D31 (8G).L00A (BRCANN1946L00A)][Index:82,Slot:2,Port:18] SFP Rx Power 0.1uW [Port Speed:8, Threshold:150uW], Linked Devices :
2022-05-10 18:59:18,989 253 INFO ==>INFO 2 01030199799 20220510183746 5011815 P HSRM HSRM NA [Critical][K.E.SW.온라인 - D31 (8G).L00A][SWI.MON.SFP.RX.I31][2022-05-10 18:37:46][Critical][SFP RX][K.E.SW.온라인 - D31 (8G).L00A (BRCANN1946L00A)][Index:31,Slot:1,Port:31] SFP Rx Power 1.2uW [Port Speed:8, Threshold:150uW], Linked Devices :
2022-05-10 18:59:18,989 263 INFO ==>dup msg  :INFO 2 01030199799 20220510183746 5011815 P HSRM HSRM NA [Critical][K.E.SW.온라인  D31 (8G).L00A][SWI.MON.SFP.RX.I31][20220510 18:37:46][Critical][SFP RX][K.E.SW.온라인  D31 (8G).L00A (BRCANN1946L00A)][Index:31,Slot:1,Port:31] SFP Rx Power 1.2uW [Port Speed:8, Threshold:150uW], Linked Devices :
2022-05-10 18:59:18,989 253 INFO ==>INFO 2 01038955108 20220510183746 5011815 P HSRM HSRM NA [Critical][K.E.SW.온라인 - D31 (8G).L00A][SWI.MON.SFP.RX.I223][2022-05-10 18:37:46][Critical][SFP RX][K.E.SW.온라인 - D31 (8G).L00A (BRCANN1946L00A)][Index:223,Slot:8,Port:31] SFP Rx Power 0.1uW [Port Speed:8, Threshold:150uW], Linked Devices :
2022-05-10 18:59:19,005 263 INFO ==>dup msg  :INFO 2 01038955108 20220510183746 5011815 P HSRM HSRM NA [Critical][K.E.SW.온라인  D31 (8G).L00A][SWI.MON.SFP.RX.I223][20220510 18:37:46][Critical][SFP RX][K.E.SW.온라인  D31 (8G).L00A (BRCANN1946L00A)][Index:223,Slot:8,Port:31] SFP Rx Power 0.1uW [Port Speed:8, Threshold:150uW], Linked Devices :
2022-05-10 18:59:19,005 253 INFO ==>INFO 2 01038955108 20220510183746 5011815 P HSRM HSRM NA [Critical][K.E.SW.온라인 - D31 (8G).L00A][SWI.MON.SFP.RX.I210][2022-05-10 18:37:46][Critical][SFP RX][K.E.SW.온라인 - D31 (8G).L00A (BRCANN1946L00A)][Index:210,Slot:8,Port:18] SFP Rx Power 0.1uW [Port Speed:8, Threshold:150uW], Linked Devices :
2022-05-10 18:59:19,005 263 INFO ==>dup msg  :INFO 2 01038955108 20220510183746 5011815 P HSRM HSRM NA [Critical][K.E.SW.온라인  D31 (8G).L00A][SWI.MON.SFP.RX.I210][20220510 18:37:46][Critical][SFP RX][K.E.SW.온라인  D31 (8G).L00A (BRCANN1946L00A)][Index:210,Slot:8,Port:18] SFP Rx Power 0.1uW [Port Speed:8, Threshold:150uW], Linked Devices :
2022-05-10 18:59:19,005 253 INFO ==>INFO 2 01038955108 20220510183746 5011815 P HSRM HSRM NA [Critical][K.E.SW.온라인 - D31 (8G).L00A][SWI.MON.SFP.RX.I82][2022-05-10 18:37:46][Critical][SFP RX][K.E.SW.온라인 - D31 (8G).L00A (BRCANN1946L00A)][Index:82,Slot:2,Port:18] SFP Rx Power 0.1uW [Port Speed:8, Threshold:150uW], Linked Devices :
2022-05-10 18:59:19,005 263 INFO ==>dup msg  :INFO 2 01038955108 20220510183746 5011815 P HSRM HSRM NA [Critical][K.E.SW.온라인  D31 (8G).L00A][SWI.MON.SFP.RX.I82][20220510 18:37:46][Critical][SFP RX][K.E.SW.온라인  D31 (8G).L00A (BRCANN1946L00A)][Index:82,Slot:2,Port:18] SFP Rx Power 0.1uW [Port Speed:8, Threshold:150uW], Linked Devices :
2022-05-10 18:59:19,005 253 INFO ==>INFO 2 01038955108 20220510183746 5011815 P HSRM HSRM NA [Critical][K.E.SW.온라인 - D31 (8G).L00A][SWI.MON.SFP.RX.I31][2022-05-10 18:37:46][Critical][SFP RX][K.E.SW.온라인 - D31 (8G).L00A (BRCANN1946L00A)][Index:31,Slot:1,Port:31] SFP Rx Power 1.2uW [Port Speed:8, Threshold:150uW], Linked Devices :
2022-05-10 18:59:19,005 263 INFO ==>dup msg  :INFO 2 01038955108 20220510183746 5011815 P HSRM HSRM NA [Critical][K.E.SW.온라인  D31 (8G).L00A][SWI.MON.SFP.RX.I31][20220510 18:37:46][Critical][SFP RX][K.E.SW.온라인  D31 (8G).L00A (BRCANN1946L00A)][Index:31,Slot:1,Port:31] SFP Rx Power 1.2uW [Port Speed:8, Threshold:150uW], Linked Devices :
2022-05-10 18:59:19,020 253 INFO ==>INFO 2 01062109339 20220510183746 5011815 P HSRM HSRM NA [Critical][K.E.SW.온라인 - D31 (8G).L00A][SWI.MON.SFP.RX.I223][2022-05-10 18:37:46][Critical][SFP RX][K.E.SW.온라인 - D31 (8G).L00A (BRCANN1946L00A)][Index:223,Slot:8,Port:31] SFP Rx Power 0.1uW [Port Speed:8, Threshold:150uW], Linked Devices :
2022-05-10 18:59:19,020 263 INFO ==>dup msg  :INFO 2 01062109339 20220510183746 5011815 P HSRM HSRM NA [Critical][K.E.SW.온라인  D31 (8G).L00A][SWI.MON.SFP.RX.I223][20220510 18:37:46][Critical][SFP RX][K.E.SW.온라인  D31 (8G).L00A (BRCANN1946L00A)][Index:223,Slot:8,Port:31] SFP Rx Power 0.1uW [Port Speed:8, Threshold:150uW], Linked Devices :
2022-05-10 18:59:19,020 253 INFO ==>INFO 2 01062109339 20220510183746 5011815 P HSRM HSRM NA [Critical][K.E.SW.온라인 - D31 (8G).L00A][SWI.MON.SFP.RX.I210][2022-05-10 18:37:46][Critical][SFP RX][K.E.SW.온라인 - D31 (8G).L00A (BRCANN1946L00A)][Index:210,Slot:8,Port:18] SFP Rx Power 0.1uW [Port Speed:8, Threshold:150uW], Linked Devices :
2022-05-10 18:59:19,020 263 INFO ==>dup msg  :INFO 2 01062109339 20220510183746 5011815 P HSRM HSRM NA [Critical][K.E.SW.온라인  D31 (8G).L00A][SWI.MON.SFP.RX.I210][20220510 18:37:46][Critical][SFP RX][K.E.SW.온라인  D31 (8G).L00A (BRCANN1946L00A)][Index:210,Slot:8,Port:18] SFP Rx Power 0.1uW [Port Speed:8, Threshold:150uW], Linked Devices :
2022-05-10 18:59:19,020 253 INFO ==>INFO 2 01062109339 20220510183746 5011815 P HSRM HSRM NA [Critical][K.E.SW.온라인 - D31 (8G).L00A][SWI.MON.SFP.RX.I82][2022-05-10 18:37:46][Critical][SFP RX][K.E.SW.온라인 - D31 (8G).L00A (BRCANN1946L00A)][Index:82,Slot:2,Port:18] SFP Rx Power 0.1uW [Port Speed:8, Threshold:150uW], Linked Devices :
2022-05-10 18:59:19,020 263 INFO ==>dup msg  :INFO 2 01062109339 20220510183746 5011815 P HSRM HSRM NA [Critical][K.E.SW.온라인  D31 (8G).L00A][SWI.MON.SFP.RX.I82][20220510 18:37:46][Critical][SFP RX][K.E.SW.온라인  D31 (8G).L00A (BRCANN1946L00A)][Index:82,Slot:2,Port:18] SFP Rx Power 0.1uW [Port Speed:8, Threshold:150uW], Linked Devices :
2022-05-10 18:59:19,020 253 INFO ==>INFO 2 01062109339 20220510183746 5011815 P HSRM HSRM NA [Critical][K.E.SW.온라인 - D32 (8G).L00C][SWI.MON.SFP.RX.I223][2022-05-10 18:37:46][Critical][SFP RX][K.E.SW.온라인 - D32 (8G).L00C (BRCANN1946L00C)][Index:223,Slot:8,Port:31] SFP Rx Power 0.1uW [Port Speed:8, Threshold:150uW], Linked Devices :
2022-05-10 18:59:19,020 263 INFO ==>dup msg  :INFO 2 01062109339 20220510183746 5011815 P HSRM HSRM NA [Critical][K.E.SW.온라인  D32 (8G).L00C][SWI.MON.SFP.RX.I223][20220510 18:37:46][Critical][SFP RX][K.E.SW.온라인  D32 (8G).L00C (BRCANN1946L00C)][Index:223,Slot:8,Port:31] SFP Rx Power 0.1uW [Port Speed:8, Threshold:150uW], Linked Devices :
2022-05-10 18:59:19,036 253 INFO ==>INFO 2 01038955108 20220510183746 5011815 P HSRM HSRM NA [Critical][K.E.SW.온라인 - D32 (8G).L00C][SWI.MON.SFP.RX.I223][2022-05-10 18:37:46][Critical][SFP RX][K.E.SW.온라인 - D32 (8G).L00C (BRCANN1946L00C)][Index:223,Slot:8,Port:31] SFP Rx Power 0.1uW [Port Speed:8, Threshold:150uW], Linked Devices :
2022-05-10 18:59:19,036 263 INFO ==>dup msg  :INFO 2 01038955108 20220510183746 5011815 P HSRM HSRM NA [Critical][K.E.SW.온라인  D32 (8G).L00C][SWI.MON.SFP.RX.I223][20220510 18:37:46][Critical][SFP RX][K.E.SW.온라인  D32 (8G).L00C (BRCANN1946L00C)][Index:223,Slot:8,Port:31] SFP Rx Power 0.1uW [Port Speed:8, Threshold:150uW], Linked Devices :
2022-05-10 18:59:19,036 253 INFO ==>INFO 2 01089827265 20220510183746 5011815 P HSRM HSRM NA [Critical][K.E.SW.온라인 - D32 (8G).L00C][SWI.MON.SFP.RX.I223][2022-05-10 18:37:46][Critical][SFP RX][K.E.SW.온라인 - D32 (8G).L00C (BRCANN1946L00C)][Index:223,Slot:8,Port:31] SFP Rx Power 0.1uW [Port Speed:8, Threshold:150uW], Linked Devices :
2022-05-10 18:59:19,036 263 INFO ==>dup msg  :INFO 2 01089827265 20220510183746 5011815 P HSRM HSRM NA [Critical][K.E.SW.온라인  D32 (8G).L00C][SWI.MON.SFP.RX.I223][20220510 18:37:46][Critical][SFP RX][K.E.SW.온라인  D32 (8G).L00C (BRCANN1946L00C)][Index:223,Slot:8,Port:31] SFP Rx Power 0.1uW [Port Speed:8, Threshold:150uW], Linked Devices :
2022-05-10 18:59:19,036 253 INFO ==>INFO 2 01089827265 20220510183746 5011815 P HSRM HSRM NA [Critical][K.E.SW.온라인 - D32 (8G).L00C][SWI.MON.SFP.RX.I210][2022-05-10 18:37:46][Critical][SFP RX][K.E.SW.온라인 - D32 (8G).L00C (BRCANN1946L00C)][Index:210,Slot:8,Port:18] SFP Rx Power 0.1uW [Port Speed:8, Threshold:150uW], Linked Devices :
2022-05-10 18:59:19,036 263 INFO ==>dup msg  :INFO 2 01089827265 20220510183746 5011815 P HSRM HSRM NA [Critical][K.E.SW.온라인  D32 (8G).L00C][SWI.MON.SFP.RX.I210][20220510 18:37:46][Critical][SFP RX][K.E.SW.온라인  D32 (8G).L00C (BRCANN1946L00C)][Index:210,Slot:8,Port:18] SFP Rx Power 0.1uW [Port Speed:8, Threshold:150uW], Linked Devices :
2022-05-10 18:59:19,036 253 INFO ==>INFO 2 01089827265 20220510183746 5011815 P HSRM HSRM NA [Critical][K.E.SW.온라인 - D32 (8G).L00C][SWI.MON.SFP.RX.I82][2022-05-10 18:37:46][Critical][SFP RX][K.E.SW.온라인 - D32 (8G).L00C (BRCANN1946L00C)][Index:82,Slot:2,Port:18] SFP Rx Power 0.1uW [Port Speed:8, Threshold:150uW], Linked Devices :
2022-05-10 18:59:19,055 263 INFO ==>dup msg  :INFO 2 01089827265 20220510183746 5011815 P HSRM HSRM NA [Critical][K.E.SW.온라인  D32 (8G).L00C][SWI.MON.SFP.RX.I82][20220510 18:37:46][Critical][SFP RX][K.E.SW.온라인  D32 (8G).L00C (BRCANN1946L00C)][Index:82,Slot:2,Port:18] SFP Rx Power 0.1uW [Port Speed:8, Threshold:150uW], Linked Devices :
2022-05-10 18:59:19,058 253 INFO ==>INFO 2 01089827265 20220510183746 5011815 P HSRM HSRM NA [Critical][K.E.SW.온라인 - D32 (8G).L00C][SWI.MON.SFP.RX.I31][2022-05-10 18:37:46][Critical][SFP RX][K.E.SW.온라인 - D32 (8G).L00C (BRCANN1946L00C)][Index:31,Slot:1,Port:31] SFP Rx Power 0.1uW [Port Speed:8, Threshold:150uW], Linked Devices :
2022-05-10 18:59:19,060 263 INFO ==>dup msg  :INFO 2 01089827265 20220510183746 5011815 P HSRM HSRM NA [Critical][K.E.SW.온라인  D32 (8G).L00C][SWI.MON.SFP.RX.I31][20220510 18:37:46][Critical][SFP RX][K.E.SW.온라인  D32 (8G).L00C (BRCANN1946L00C)][Index:31,Slot:1,Port:31] SFP Rx Power 0.1uW [Port Speed:8, Threshold:150uW], Linked Devices :
2022-05-10 18:59:19,063 253 INFO ==>INFO 2 01038955108 20220510183746 5011815 P HSRM HSRM NA [Critical][K.E.SW.온라인 - D32 (8G).L00C][SWI.MON.SFP.RX.I210][2022-05-10 18:37:46][Critical][SFP RX][K.E.SW.온라인 - D32 (8G).L00C (BRCANN1946L00C)][Index:210,Slot:8,Port:18] SFP Rx Power 0.1uW [Port Speed:8, Threshold:150uW], Linked Devices :
2022-05-10 18:59:19,070 263 INFO ==>dup msg  :INFO 2 01038955108 20220510183746 5011815 P HSRM HSRM NA [Critical][K.E.SW.온라인  D32 (8G).L00C][SWI.MON.SFP.RX.I210][20220510 18:37:46][Critical][SFP RX][K.E.SW.온라인  D32 (8G).L00C (BRCANN1946L00C)][Index:210,Slot:8,Port:18] SFP Rx Power 0.1uW [Port Speed:8, Threshold:150uW], Linked Devices :
2022-05-10 18:59:19,072 253 INFO ==>INFO 2 01038955108 20220510183746 5011815 P HSRM HSRM NA [Critical][K.E.SW.온라인 - D32 (8G).L00C][SWI.MON.SFP.RX.I82][2022-05-10 18:37:46][Critical][SFP RX][K.E.SW.온라인 - D32 (8G).L00C (BRCANN1946L00C)][Index:82,Slot:2,Port:18] SFP Rx Power 0.1uW [Port Speed:8, Threshold:150uW], Linked Devices :
2022-05-10 18:59:19,072 263 INFO ==>dup msg  :INFO 2 01038955108 20220510183746 5011815 P HSRM HSRM NA [Critical][K.E.SW.온라인  D32 (8G).L00C][SWI.MON.SFP.RX.I82][20220510 18:37:46][Critical][SFP RX][K.E.SW.온라인  D32 (8G).L00C (BRCANN1946L00C)][Index:82,Slot:2,Port:18] SFP Rx Power 0.1uW [Port Speed:8, Threshold:150uW], Linked Devices :
2022-05-10 18:59:19,072 253 INFO ==>INFO 2 01038955108 20220510183746 5011815 P HSRM HSRM NA [Critical][K.E.SW.온라인 - D32 (8G).L00C][SWI.MON.SFP.RX.I31][2022-05-10 18:37:46][Critical][SFP RX][K.E.SW.온라인 - D32 (8G).L00C (BRCANN1946L00C)][Index:31,Slot:1,Port:31] SFP Rx Power 0.1uW [Port Speed:8, Threshold:150uW], Linked Devices :
2022-05-10 18:59:19,072 263 INFO ==>dup msg  :INFO 2 01038955108 20220510183746 5011815 P HSRM HSRM NA [Critical][K.E.SW.온라인  D32 (8G).L00C][SWI.MON.SFP.RX.I31][20220510 18:37:46][Critical][SFP RX][K.E.SW.온라인  D32 (8G).L00C (BRCANN1946L00C)][Index:31,Slot:1,Port:31] SFP Rx Power 0.1uW [Port Speed:8, Threshold:150uW], Linked Devices :
2022-05-10 18:59:19,072 253 INFO ==>INFO 2 01062109339 20220510183746 5011815 P HSRM HSRM NA [Critical][K.E.SW.온라인 - D32 (8G).L00C][SWI.MON.SFP.RX.I210][2022-05-10 18:37:46][Critical][SFP RX][K.E.SW.온라인 - D32 (8G).L00C (BRCANN1946L00C)][Index:210,Slot:8,Port:18] SFP Rx Power 0.1uW [Port Speed:8, Threshold:150uW], Linked Devices :
2022-05-10 18:59:19,072 263 INFO ==>dup msg  :INFO 2 01062109339 20220510183746 5011815 P HSRM HSRM NA [Critical][K.E.SW.온라인  D32 (8G).L00C][SWI.MON.SFP.RX.I210][20220510 18:37:46][Critical][SFP RX][K.E.SW.온라인  D32 (8G).L00C (BRCANN1946L00C)][Index:210,Slot:8,Port:18] SFP Rx Power 0.1uW [Port Speed:8, Threshold:150uW], Linked Devices :
2022-05-10 18:59:19,072 253 INFO ==>INFO 2 01030199799 20220510183746 5011815 P HSRM HSRM NA [Critical][K.E.SW.온라인 - D32 (8G).L00C][SWI.MON.SFP.RX.I223][2022-05-10 18:37:46][Critical][SFP RX][K.E.SW.온라인 - D32 (8G).L00C (BRCANN1946L00C)][Index:223,Slot:8,Port:31] SFP Rx Power 0.1uW [Port Speed:8, Threshold:150uW], Linked Devices :
2022-05-10 18:59:19,072 263 INFO ==>dup msg  :INFO 2 01030199799 20220510183746 5011815 P HSRM HSRM NA [Critical][K.E.SW.온라인  D32 (8G).L00C][SWI.MON.SFP.RX.I223][20220510 18:37:46][Critical][SFP RX][K.E.SW.온라인  D32 (8G).L00C (BRCANN1946L00C)][Index:223,Slot:8,Port:31] SFP Rx Power 0.1uW [Port Speed:8, Threshold:150uW], Linked Devices :
2022-05-10 18:59:19,072 253 INFO ==>INFO 2 01030199799 20220510183746 5011815 P HSRM HSRM NA [Critical][K.E.SW.온라인 - D32 (8G).L00C][SWI.MON.SFP.RX.I210][2022-05-10 18:37:46][Critical][SFP RX][K.E.SW.온라인 - D32 (8G).L00C (BRCANN1946L00C)][Index:210,Slot:8,Port:18] SFP Rx Power 0.1uW [Port Speed:8, Threshold:150uW], Linked Devices :
2022-05-10 18:59:19,087 263 INFO ==>dup msg  :INFO 2 01030199799 20220510183746 5011815 P HSRM HSRM NA [Critical][K.E.SW.온라인  D32 (8G).L00C][SWI.MON.SFP.RX.I210][20220510 18:37:46][Critical][SFP RX][K.E.SW.온라인  D32 (8G).L00C (BRCANN1946L00C)][Index:210,Slot:8,Port:18] SFP Rx Power 0.1uW [Port Speed:8, Threshold:150uW], Linked Devices :
2022-05-10 18:59:19,087 253 INFO ==>INFO 2 01030199799 20220510183746 5011815 P HSRM HSRM NA [Critical][K.E.SW.온라인 - D32 (8G).L00C][SWI.MON.SFP.RX.I82][2022-05-10 18:37:46][Critical][SFP RX][K.E.SW.온라인 - D32 (8G).L00C (BRCANN1946L00C)][Index:82,Slot:2,Port:18] SFP Rx Power 0.1uW [Port Speed:8, Threshold:150uW], Linked Devices :
2022-05-10 18:59:19,087 263 INFO ==>dup msg  :INFO 2 01030199799 20220510183746 5011815 P HSRM HSRM NA [Critical][K.E.SW.온라인  D32 (8G).L00C][SWI.MON.SFP.RX.I82][20220510 18:37:46][Critical][SFP RX][K.E.SW.온라인  D32 (8G).L00C (BRCANN1946L00C)][Index:82,Slot:2,Port:18] SFP Rx Power 0.1uW [Port Speed:8, Threshold:150uW], Linked Devices :
2022-05-10 18:59:19,087 253 INFO ==>INFO 2 01030199799 20220510183746 5011815 P HSRM HSRM NA [Critical][K.E.SW.온라인 - D32 (8G).L00C][SWI.MON.SFP.RX.I31][2022-05-10 18:37:46][Critical][SFP RX][K.E.SW.온라인 - D32 (8G).L00C (BRCANN1946L00C)][Index:31,Slot:1,Port:31] SFP Rx Power 0.1uW [Port Speed:8, Threshold:150uW], Linked Devices :
2022-05-10 18:59:19,087 263 INFO ==>dup msg  :INFO 2 01030199799 20220510183746 5011815 P HSRM HSRM NA [Critical][K.E.SW.온라인  D32 (8G).L00C][SWI.MON.SFP.RX.I31][20220510 18:37:46][Critical][SFP RX][K.E.SW.온라인  D32 (8G).L00C (BRCANN1946L00C)][Index:31,Slot:1,Port:31] SFP Rx Power 0.1uW [Port Speed:8, Threshold:150uW], Linked Devices :
2022-05-10 18:59:19,087 253 INFO ==>INFO 2 01062109339 20220510183746 5011815 P HSRM HSRM NA [Critical][K.E.SW.온라인 - D32 (8G).L00C][SWI.MON.SFP.RX.I82][2022-05-10 18:37:46][Critical][SFP RX][K.E.SW.온라인 - D32 (8G).L00C (BRCANN1946L00C)][Index:82,Slot:2,Port:18] SFP Rx Power 0.1uW [Port Speed:8, Threshold:150uW], Linked Devices :
2022-05-10 18:59:19,087 263 INFO ==>dup msg  :INFO 2 01062109339 20220510183746 5011815 P HSRM HSRM NA [Critical][K.E.SW.온라인  D32 (8G).L00C][SWI.MON.SFP.RX.I82][20220510 18:37:46][Critical][SFP RX][K.E.SW.온라인  D32 (8G).L00C (BRCANN1946L00C)][Index:82,Slot:2,Port:18] SFP Rx Power 0.1uW [Port Speed:8, Threshold:150uW], Linked Devices :
2022-05-10 18:59:19,103 253 INFO ==>INFO 2 01062109339 20220510183746 5011815 P HSRM HSRM NA [Critical][K.E.SW.온라인 - D32 (8G).L00C][SWI.MON.SFP.RX.I31][2022-05-10 18:37:46][Critical][SFP RX][K.E.SW.온라인 - D32 (8G).L00C (BRCANN1946L00C)][Index:31,Slot:1,Port:31] SFP Rx Power 0.1uW [Port Speed:8, Threshold:150uW], Linked Devices :
2022-05-10 18:59:19,103 263 INFO ==>dup msg  :INFO 2 01062109339 20220510183746 5011815 P HSRM HSRM NA [Critical][K.E.SW.온라인  D32 (8G).L00C][SWI.MON.SFP.RX.I31][20220510 18:37:46][Critical][SFP RX][K.E.SW.온라인  D32 (8G).L00C (BRCANN1946L00C)][Index:31,Slot:1,Port:31] SFP Rx Power 0.1uW [Port Speed:8, Threshold:150uW], Linked Devices :
2022-05-10 18:59:19,103 253 INFO ==>INFO 2 01090982151 20220510184458 5011815 P HSRM HSRM NA [Acute][Y.H.ST.이미지 HCP Storage DR Node.0056][FFE800]This is a test code 20220510.[PORT:1A]
2022-05-10 18:59:19,103 263 INFO ==>dup msg  :INFO 2 01090982151 20220510184458 5011815 P HSRM HSRM NA [Acute][Y.H.ST.이미지 HCP Storage DR Node.0056][FFE800]This is a test code 20220510.[PORT:1A]
2022-05-10 19:03:14,530 205 DEBUG ==>YD[2022-05-09], TD[2022-05-10], QCD[2022-05-10 19:01:06], CD[2022-05-10 19:02:06], count : 0
2022-05-10 19:03:31,078 205 DEBUG ==>YD[2022-05-09], TD[2022-05-10], QCD[2022-05-10 18:00:38], CD[2022-05-10 18:01:38], count : 46
2022-05-10 19:03:31,078 267 INFO ==>INFO 2 01038955108 20220510180123 5011815 P HSRM HSRM NA [warning][Y.E.ST.AML 국외점포 DR.1017][UNISPERE.warning]Symmetrix 000497901017 : Port state has changed to Pending Online.  Object is: 000497901017:FA1D:7
2022-05-10 19:03:31,094 267 INFO ==>INFO 2 01062109339 20220510180123 5011815 P HSRM HSRM NA [warning][Y.E.ST.AML 국외점포 DR.1017][UNISPERE.warning]Symmetrix 000497901017 : Port state has changed to Pending Online.  Object is: 000497901017:FA1D:7
2022-05-10 19:03:31,094 267 INFO ==>INFO 2 01030199799 20220510180123 5011815 P HSRM HSRM NA [warning][Y.E.ST.AML 국외점포 DR.1017][UNISPERE.warning]Symmetrix 000497901017 : Port state has changed to Pending Online.  Object is: 000497901017:FA1D:7
2022-05-10 19:03:31,094 267 INFO ==>INFO 2 01089827265 20220510180123 5011815 P HSRM HSRM NA [warning][Y.E.ST.AML 국외점포 DR.1017][UNISPERE.warning]Symmetrix 000497901017 : Port state has changed to Pending Online.  Object is: 000497901017:FA1D:7
2022-05-10 19:03:31,110 267 INFO ==>INFO 2 01062109339 20220510180124 5011815 P HSRM HSRM NA [warning][Y.E.ST.AML 국외점포 DR.1017][UNISPERE.warning]Symmetrix 000497901017 : Port state has changed to Pending Online.  Object is: 000497901017:FA1D:7
2022-05-10 19:03:31,110 267 INFO ==>INFO 2 01038955108 20220510180124 5011815 P HSRM HSRM NA [warning][Y.E.ST.AML 국외점포 DR.1017][UNISPERE.warning]Symmetrix 000497901017 : Port state has changed to Pending Online.  Object is: 000497901017:FA1D:7
2022-05-10 19:03:31,110 267 INFO ==>INFO 2 01089827265 20220510180124 5011815 P HSRM HSRM NA [warning][Y.E.ST.AML 국외점포 DR.1017][UNISPERE.warning]Symmetrix 000497901017 : Port state has changed to Pending Online.  Object is: 000497901017:FA1D:7
2022-05-10 19:03:31,125 267 INFO ==>INFO 2 01030199799 20220510180124 5011815 P HSRM HSRM NA [warning][Y.E.ST.AML 국외점포 DR.1017][UNISPERE.warning]Symmetrix 000497901017 : Port state has changed to Pending Online.  Object is: 000497901017:FA1D:7
2022-05-10 19:03:31,125 267 INFO ==>INFO 2 01062109339 20220510180221 5011815 P HSRM HSRM NA [warning][K.E.ST.AML 국외점포.1016][UNISPERE.warning]Symmetrix 000497901016 : Port state has changed to Pending Online.  Object is: 000497901016:FA1D:10
2022-05-10 19:03:31,125 267 INFO ==>INFO 2 01089827265 20220510180221 5011815 P HSRM HSRM NA [warning][K.E.ST.AML 국외점포.1016][UNISPERE.warning]Symmetrix 000497901016 : Port state has changed to Pending Online.  Object is: 000497901016:FA1D:10
2022-05-10 19:03:31,125 267 INFO ==>INFO 2 01030199799 20220510180221 5011815 P HSRM HSRM NA [warning][K.E.ST.AML 국외점포.1016][UNISPERE.warning]Symmetrix 000497901016 : Port state has changed to Pending Online.  Object is: 000497901016:FA1D:10
2022-05-10 19:03:31,141 267 INFO ==>INFO 2 01038955108 20220510180221 5011815 P HSRM HSRM NA [warning][K.E.ST.AML 국외점포.1016][UNISPERE.warning]Symmetrix 000497901016 : Port state has changed to Pending Online.  Object is: 000497901016:FA1D:10
2022-05-10 19:03:31,141 265 INFO ==>dup msg  :INFO 2 01090982151 20220510182658 5011815 P HSRM HSRM NA [Acute][Y.H.ST.이미지 HCP Storage DR Node.0056][FFE800]This is a test code 20220510.[PORT:1A]
2022-05-10 19:03:31,141 265 INFO ==>dup msg  :INFO 2 01030199799 20220510183746 5011815 P HSRM HSRM NA [Critical][K.E.SW.온라인  D31 (8G).L00A][SWI.MON.SFP.RX.I31][20220510 18:37:46][Critical][SFP RX][K.E.SW.온라인  D31 (8G).L00A (BRCANN1946L00A)][Index:31,Slot:1,Port:31] SFP Rx Power 1.2uW [Port Speed:8, Threshold:150uW], Linked Devices :
2022-05-10 19:03:31,141 265 INFO ==>dup msg  :INFO 2 01089827265 20220510183746 5011815 P HSRM HSRM NA [Critical][K.E.SW.온라인  D31 (8G).L00A][SWI.MON.SFP.RX.I223][20220510 18:37:46][Critical][SFP RX][K.E.SW.온라인  D31 (8G).L00A (BRCANN1946L00A)][Index:223,Slot:8,Port:31] SFP Rx Power 0.1uW [Port Speed:8, Threshold:150uW], Linked Devices :
2022-05-10 19:03:31,156 265 INFO ==>dup msg  :INFO 2 01089827265 20220510183746 5011815 P HSRM HSRM NA [Critical][K.E.SW.온라인  D31 (8G).L00A][SWI.MON.SFP.RX.I210][20220510 18:37:46][Critical][SFP RX][K.E.SW.온라인  D31 (8G).L00A (BRCANN1946L00A)][Index:210,Slot:8,Port:18] SFP Rx Power 0.1uW [Port Speed:8, Threshold:150uW], Linked Devices :
2022-05-10 19:03:31,156 265 INFO ==>dup msg  :INFO 2 01062109339 20220510183746 5011815 P HSRM HSRM NA [Critical][K.E.SW.온라인  D31 (8G).L00A][SWI.MON.SFP.RX.I31][20220510 18:37:46][Critical][SFP RX][K.E.SW.온라인  D31 (8G).L00A (BRCANN1946L00A)][Index:31,Slot:1,Port:31] SFP Rx Power 1.2uW [Port Speed:8, Threshold:150uW], Linked Devices :
2022-05-10 19:03:31,156 265 INFO ==>dup msg  :INFO 2 01089827265 20220510183746 5011815 P HSRM HSRM NA [Critical][K.E.SW.온라인  D31 (8G).L00A][SWI.MON.SFP.RX.I82][20220510 18:37:46][Critical][SFP RX][K.E.SW.온라인  D31 (8G).L00A (BRCANN1946L00A)][Index:82,Slot:2,Port:18] SFP Rx Power 0.1uW [Port Speed:8, Threshold:150uW], Linked Devices :
2022-05-10 19:03:31,172 265 INFO ==>dup msg  :INFO 2 01038955108 20220510183746 5011815 P HSRM HSRM NA [Critical][K.E.SW.온라인  D31 (8G).L00A][SWI.MON.SFP.RX.I223][20220510 18:37:46][Critical][SFP RX][K.E.SW.온라인  D31 (8G).L00A (BRCANN1946L00A)][Index:223,Slot:8,Port:31] SFP Rx Power 0.1uW [Port Speed:8, Threshold:150uW], Linked Devices :
2022-05-10 19:03:31,172 265 INFO ==>dup msg  :INFO 2 01038955108 20220510183746 5011815 P HSRM HSRM NA [Critical][K.E.SW.온라인  D31 (8G).L00A][SWI.MON.SFP.RX.I210][20220510 18:37:46][Critical][SFP RX][K.E.SW.온라인  D31 (8G).L00A (BRCANN1946L00A)][Index:210,Slot:8,Port:18] SFP Rx Power 0.1uW [Port Speed:8, Threshold:150uW], Linked Devices :
2022-05-10 19:03:31,172 265 INFO ==>dup msg  :INFO 2 01038955108 20220510183746 5011815 P HSRM HSRM NA [Critical][K.E.SW.온라인  D31 (8G).L00A][SWI.MON.SFP.RX.I82][20220510 18:37:46][Critical][SFP RX][K.E.SW.온라인  D31 (8G).L00A (BRCANN1946L00A)][Index:82,Slot:2,Port:18] SFP Rx Power 0.1uW [Port Speed:8, Threshold:150uW], Linked Devices :
2022-05-10 19:03:31,172 265 INFO ==>dup msg  :INFO 2 01038955108 20220510183746 5011815 P HSRM HSRM NA [Critical][K.E.SW.온라인  D31 (8G).L00A][SWI.MON.SFP.RX.I31][20220510 18:37:46][Critical][SFP RX][K.E.SW.온라인  D31 (8G).L00A (BRCANN1946L00A)][Index:31,Slot:1,Port:31] SFP Rx Power 1.2uW [Port Speed:8, Threshold:150uW], Linked Devices :
2022-05-10 19:03:31,188 265 INFO ==>dup msg  :INFO 2 01089827265 20220510183746 5011815 P HSRM HSRM NA [Critical][K.E.SW.온라인  D31 (8G).L00A][SWI.MON.SFP.RX.I31][20220510 18:37:46][Critical][SFP RX][K.E.SW.온라인  D31 (8G).L00A (BRCANN1946L00A)][Index:31,Slot:1,Port:31] SFP Rx Power 1.2uW [Port Speed:8, Threshold:150uW], Linked Devices :
2022-05-10 19:03:31,188 265 INFO ==>dup msg  :INFO 2 01062109339 20220510183746 5011815 P HSRM HSRM NA [Critical][K.E.SW.온라인  D31 (8G).L00A][SWI.MON.SFP.RX.I223][20220510 18:37:46][Critical][SFP RX][K.E.SW.온라인  D31 (8G).L00A (BRCANN1946L00A)][Index:223,Slot:8,Port:31] SFP Rx Power 0.1uW [Port Speed:8, Threshold:150uW], Linked Devices :
2022-05-10 19:03:31,188 265 INFO ==>dup msg  :INFO 2 01062109339 20220510183746 5011815 P HSRM HSRM NA [Critical][K.E.SW.온라인  D31 (8G).L00A][SWI.MON.SFP.RX.I210][20220510 18:37:46][Critical][SFP RX][K.E.SW.온라인  D31 (8G).L00A (BRCANN1946L00A)][Index:210,Slot:8,Port:18] SFP Rx Power 0.1uW [Port Speed:8, Threshold:150uW], Linked Devices :
2022-05-10 19:03:31,188 265 INFO ==>dup msg  :INFO 2 01062109339 20220510183746 5011815 P HSRM HSRM NA [Critical][K.E.SW.온라인  D31 (8G).L00A][SWI.MON.SFP.RX.I82][20220510 18:37:46][Critical][SFP RX][K.E.SW.온라인  D31 (8G).L00A (BRCANN1946L00A)][Index:82,Slot:2,Port:18] SFP Rx Power 0.1uW [Port Speed:8, Threshold:150uW], Linked Devices :
2022-05-10 19:03:31,203 265 INFO ==>dup msg  :INFO 2 01030199799 20220510183746 5011815 P HSRM HSRM NA [Critical][K.E.SW.온라인  D31 (8G).L00A][SWI.MON.SFP.RX.I223][20220510 18:37:46][Critical][SFP RX][K.E.SW.온라인  D31 (8G).L00A (BRCANN1946L00A)][Index:223,Slot:8,Port:31] SFP Rx Power 0.1uW [Port Speed:8, Threshold:150uW], Linked Devices :
2022-05-10 19:03:31,203 265 INFO ==>dup msg  :INFO 2 01030199799 20220510183746 5011815 P HSRM HSRM NA [Critical][K.E.SW.온라인  D31 (8G).L00A][SWI.MON.SFP.RX.I210][20220510 18:37:46][Critical][SFP RX][K.E.SW.온라인  D31 (8G).L00A (BRCANN1946L00A)][Index:210,Slot:8,Port:18] SFP Rx Power 0.1uW [Port Speed:8, Threshold:150uW], Linked Devices :
2022-05-10 19:03:31,203 265 INFO ==>dup msg  :INFO 2 01030199799 20220510183746 5011815 P HSRM HSRM NA [Critical][K.E.SW.온라인  D31 (8G).L00A][SWI.MON.SFP.RX.I82][20220510 18:37:46][Critical][SFP RX][K.E.SW.온라인  D31 (8G).L00A (BRCANN1946L00A)][Index:82,Slot:2,Port:18] SFP Rx Power 0.1uW [Port Speed:8, Threshold:150uW], Linked Devices :
2022-05-10 19:03:31,203 265 INFO ==>dup msg  :INFO 2 01038955108 20220510183746 5011815 P HSRM HSRM NA [Critical][K.E.SW.온라인  D32 (8G).L00C][SWI.MON.SFP.RX.I210][20220510 18:37:46][Critical][SFP RX][K.E.SW.온라인  D32 (8G).L00C (BRCANN1946L00C)][Index:210,Slot:8,Port:18] SFP Rx Power 0.1uW [Port Speed:8, Threshold:150uW], Linked Devices :
2022-05-10 19:03:31,219 265 INFO ==>dup msg  :INFO 2 01089827265 20220510183746 5011815 P HSRM HSRM NA [Critical][K.E.SW.온라인  D32 (8G).L00C][SWI.MON.SFP.RX.I223][20220510 18:37:46][Critical][SFP RX][K.E.SW.온라인  D32 (8G).L00C (BRCANN1946L00C)][Index:223,Slot:8,Port:31] SFP Rx Power 0.1uW [Port Speed:8, Threshold:150uW], Linked Devices :
2022-05-10 19:03:31,219 265 INFO ==>dup msg  :INFO 2 01089827265 20220510183746 5011815 P HSRM HSRM NA [Critical][K.E.SW.온라인  D32 (8G).L00C][SWI.MON.SFP.RX.I210][20220510 18:37:46][Critical][SFP RX][K.E.SW.온라인  D32 (8G).L00C (BRCANN1946L00C)][Index:210,Slot:8,Port:18] SFP Rx Power 0.1uW [Port Speed:8, Threshold:150uW], Linked Devices :
2022-05-10 19:03:31,219 265 INFO ==>dup msg  :INFO 2 01089827265 20220510183746 5011815 P HSRM HSRM NA [Critical][K.E.SW.온라인  D32 (8G).L00C][SWI.MON.SFP.RX.I82][20220510 18:37:46][Critical][SFP RX][K.E.SW.온라인  D32 (8G).L00C (BRCANN1946L00C)][Index:82,Slot:2,Port:18] SFP Rx Power 0.1uW [Port Speed:8, Threshold:150uW], Linked Devices :
2022-05-10 19:03:31,219 265 INFO ==>dup msg  :INFO 2 01089827265 20220510183746 5011815 P HSRM HSRM NA [Critical][K.E.SW.온라인  D32 (8G).L00C][SWI.MON.SFP.RX.I31][20220510 18:37:46][Critical][SFP RX][K.E.SW.온라인  D32 (8G).L00C (BRCANN1946L00C)][Index:31,Slot:1,Port:31] SFP Rx Power 0.1uW [Port Speed:8, Threshold:150uW], Linked Devices :
2022-05-10 19:03:31,235 265 INFO ==>dup msg  :INFO 2 01030199799 20220510183746 5011815 P HSRM HSRM NA [Critical][K.E.SW.온라인  D32 (8G).L00C][SWI.MON.SFP.RX.I223][20220510 18:37:46][Critical][SFP RX][K.E.SW.온라인  D32 (8G).L00C (BRCANN1946L00C)][Index:223,Slot:8,Port:31] SFP Rx Power 0.1uW [Port Speed:8, Threshold:150uW], Linked Devices :
2022-05-10 19:03:31,235 265 INFO ==>dup msg  :INFO 2 01030199799 20220510183746 5011815 P HSRM HSRM NA [Critical][K.E.SW.온라인  D32 (8G).L00C][SWI.MON.SFP.RX.I210][20220510 18:37:46][Critical][SFP RX][K.E.SW.온라인  D32 (8G).L00C (BRCANN1946L00C)][Index:210,Slot:8,Port:18] SFP Rx Power 0.1uW [Port Speed:8, Threshold:150uW], Linked Devices :
2022-05-10 19:03:31,235 265 INFO ==>dup msg  :INFO 2 01030199799 20220510183746 5011815 P HSRM HSRM NA [Critical][K.E.SW.온라인  D32 (8G).L00C][SWI.MON.SFP.RX.I82][20220510 18:37:46][Critical][SFP RX][K.E.SW.온라인  D32 (8G).L00C (BRCANN1946L00C)][Index:82,Slot:2,Port:18] SFP Rx Power 0.1uW [Port Speed:8, Threshold:150uW], Linked Devices :
2022-05-10 19:03:31,235 265 INFO ==>dup msg  :INFO 2 01030199799 20220510183746 5011815 P HSRM HSRM NA [Critical][K.E.SW.온라인  D32 (8G).L00C][SWI.MON.SFP.RX.I31][20220510 18:37:46][Critical][SFP RX][K.E.SW.온라인  D32 (8G).L00C (BRCANN1946L00C)][Index:31,Slot:1,Port:31] SFP Rx Power 0.1uW [Port Speed:8, Threshold:150uW], Linked Devices :
2022-05-10 19:03:31,250 265 INFO ==>dup msg  :INFO 2 01038955108 20220510183746 5011815 P HSRM HSRM NA [Critical][K.E.SW.온라인  D32 (8G).L00C][SWI.MON.SFP.RX.I223][20220510 18:37:46][Critical][SFP RX][K.E.SW.온라인  D32 (8G).L00C (BRCANN1946L00C)][Index:223,Slot:8,Port:31] SFP Rx Power 0.1uW [Port Speed:8, Threshold:150uW], Linked Devices :
2022-05-10 19:03:31,250 265 INFO ==>dup msg  :INFO 2 01038955108 20220510183746 5011815 P HSRM HSRM NA [Critical][K.E.SW.온라인  D32 (8G).L00C][SWI.MON.SFP.RX.I82][20220510 18:37:46][Critical][SFP RX][K.E.SW.온라인  D32 (8G).L00C (BRCANN1946L00C)][Index:82,Slot:2,Port:18] SFP Rx Power 0.1uW [Port Speed:8, Threshold:150uW], Linked Devices :
2022-05-10 19:03:31,250 265 INFO ==>dup msg  :INFO 2 01038955108 20220510183746 5011815 P HSRM HSRM NA [Critical][K.E.SW.온라인  D32 (8G).L00C][SWI.MON.SFP.RX.I31][20220510 18:37:46][Critical][SFP RX][K.E.SW.온라인  D32 (8G).L00C (BRCANN1946L00C)][Index:31,Slot:1,Port:31] SFP Rx Power 0.1uW [Port Speed:8, Threshold:150uW], Linked Devices :
2022-05-10 19:03:31,266 265 INFO ==>dup msg  :INFO 2 01062109339 20220510183746 5011815 P HSRM HSRM NA [Critical][K.E.SW.온라인  D32 (8G).L00C][SWI.MON.SFP.RX.I223][20220510 18:37:46][Critical][SFP RX][K.E.SW.온라인  D32 (8G).L00C (BRCANN1946L00C)][Index:223,Slot:8,Port:31] SFP Rx Power 0.1uW [Port Speed:8, Threshold:150uW], Linked Devices :
2022-05-10 19:03:31,266 265 INFO ==>dup msg  :INFO 2 01062109339 20220510183746 5011815 P HSRM HSRM NA [Critical][K.E.SW.온라인  D32 (8G).L00C][SWI.MON.SFP.RX.I210][20220510 18:37:46][Critical][SFP RX][K.E.SW.온라인  D32 (8G).L00C (BRCANN1946L00C)][Index:210,Slot:8,Port:18] SFP Rx Power 0.1uW [Port Speed:8, Threshold:150uW], Linked Devices :
2022-05-10 19:03:31,266 265 INFO ==>dup msg  :INFO 2 01062109339 20220510183746 5011815 P HSRM HSRM NA [Critical][K.E.SW.온라인  D32 (8G).L00C][SWI.MON.SFP.RX.I82][20220510 18:37:46][Critical][SFP RX][K.E.SW.온라인  D32 (8G).L00C (BRCANN1946L00C)][Index:82,Slot:2,Port:18] SFP Rx Power 0.1uW [Port Speed:8, Threshold:150uW], Linked Devices :
2022-05-10 19:03:31,266 265 INFO ==>dup msg  :INFO 2 01062109339 20220510183746 5011815 P HSRM HSRM NA [Critical][K.E.SW.온라인  D32 (8G).L00C][SWI.MON.SFP.RX.I31][20220510 18:37:46][Critical][SFP RX][K.E.SW.온라인  D32 (8G).L00C (BRCANN1946L00C)][Index:31,Slot:1,Port:31] SFP Rx Power 0.1uW [Port Speed:8, Threshold:150uW], Linked Devices :
2022-05-10 19:03:31,281 265 INFO ==>dup msg  :INFO 2 01090982151 20220510184458 5011815 P HSRM HSRM NA [Acute][Y.H.ST.이미지 HCP Storage DR Node.0056][FFE800]This is a test code 20220510.[PORT:1A]
