2023-01-26 09:50:08,149 DEBUG ==> yd : 2023-01-25, td: 2023-01-26, cd: 2023-01-16 12:26:37, qcd: 2023-01-16 12:25:37, count:0
2023-01-26 09:52:29,237 DEBUG ==> yd : 2023-01-25, td: 2023-01-26, cd: 2023-01-26 09:50:05, qcd: 2023-01-26 09:49:05, count:0
2023-01-26 09:53:23,504 DEBUG ==> yd : 2023-01-25, td: 2023-01-26, cd: 2023-01-26 09:52:24, qcd: 2023-01-26 09:51:24, count:0
2023-01-26 09:54:07,151 DEBUG ==> yd : 2023-01-25, td: 2023-01-26, cd: 2023-01-26 09:53:41, qcd: 2023-01-26 09:52:41, count:26
2023-01-26 09:54:07,151 INFO ==> INFO 2 01042420660 20220610142521 5011815 P HSRM HSRM NA [SWI][SAN스위치 #43L10M]SWI.MON.SFP.RX.I1
2023-01-26 09:54:28,208 ERROR ==> [WinError 10060] 연결된 구성원으로부터 응답이 없어 연결하지 못했거나, 호스트로부터 응답이 없어 연결이 끊어졌습니다
2023-01-26 09:54:28,208 INFO ==> INFO 2 01042420660 20220610142521 5011815 P HSRM HSRM NA [SWI][SAN스위치 #43L10M]SWI.MON.SFP.RX.I1
2023-01-26 09:54:49,251 ERROR ==> [WinError 10060] 연결된 구성원으로부터 응답이 없어 연결하지 못했거나, 호스트로부터 응답이 없어 연결이 끊어졌습니다
2023-01-26 09:54:49,251 INFO ==> INFO 2 01042420660 20220610142521 5011815 P HSRM HSRM NA [SWI][SAN스위치 #43L10M]SWI.MON.SFP.RX.I1
2023-01-26 09:55:12,703 DEBUG ==> yd : 2023-01-25, td: 2023-01-26, cd: 2023-01-26 09:54:04, qcd: 2023-01-26 09:53:04, count:26
2023-01-26 09:55:12,703 ERROR ==> dup mag : INFO 2 01042420660 20220610142521 5011815 P HSRM HSRM NA [SWI][SAN스위치 #43L10M]SWI.MON.SFP.RX.I1
2023-01-26 09:55:12,703 ERROR ==> dup mag : INFO 2 01042420660 20220610142521 5011815 P HSRM HSRM NA [SWI][SAN스위치 #43L10M]SWI.MON.SFP.RX.I1
2023-01-26 09:55:12,703 ERROR ==> dup mag : INFO 2 01042420660 20220610142521 5011815 P HSRM HSRM NA [SWI][SAN스위치 #43L10M]SWI.MON.SFP.RX.I1
2023-01-26 09:55:12,703 INFO ==> INFO 2 01042420660 20220613142521 5011815 P HSRM HSRM NA [SWI][SAN스위치 #43L10M]SWI.MON.SFP.RX.I1
2023-01-26 09:55:33,728 ERROR ==> [WinError 10060] 연결된 구성원으로부터 응답이 없어 연결하지 못했거나, 호스트로부터 응답이 없어 연결이 끊어졌습니다
2023-01-26 09:55:33,728 INFO ==> INFO 2 01042420660 20220513103555 5011815 P HSRM HSRM NA [STG][10056]7D0B00
2023-01-26 09:55:54,772 ERROR ==> [WinError 10060] 연결된 구성원으로부터 응답이 없어 연결하지 못했거나, 호스트로부터 응답이 없어 연결이 끊어졌습니다
2023-01-26 09:55:54,772 INFO ==> INFO 2 01042420660 20220513103555 5011815 P HSRM HSRM NA [STG][10056]7D0500
2023-01-26 09:56:15,804 ERROR ==> [WinError 10060] 연결된 구성원으로부터 응답이 없어 연결하지 못했거나, 호스트로부터 응답이 없어 연결이 끊어졌습니다
2023-01-26 09:56:15,804 INFO ==> INFO 2 01042420660 20220513143555 5011815 P HSRM HSRM NA [STG][10056]7D0500
2023-01-26 09:56:36,846 ERROR ==> [WinError 10060] 연결된 구성원으로부터 응답이 없어 연결하지 못했거나, 호스트로부터 응답이 없어 연결이 끊어졌습니다
2023-01-26 09:56:36,846 INFO ==> INFO 2 01042420660 20220513143556 5011815 P HSRM HSRM NA [STG][10056]7D0500
2023-01-26 09:56:57,766 DEBUG ==> yd : 2023-01-25, td: 2023-01-26, cd: 2023-01-26 09:55:10, qcd: 2023-01-26 09:54:10, count:26
2023-01-26 09:56:57,766 ERROR ==> dup mag : INFO 2 01042420660 20220610142521 5011815 P HSRM HSRM NA [SWI][SAN스위치 #43L10M]SWI.MON.SFP.RX.I1
2023-01-26 09:56:57,766 ERROR ==> dup mag : INFO 2 01042420660 20220610142521 5011815 P HSRM HSRM NA [SWI][SAN스위치 #43L10M]SWI.MON.SFP.RX.I1
2023-01-26 09:56:57,766 ERROR ==> dup mag : INFO 2 01042420660 20220610142521 5011815 P HSRM HSRM NA [SWI][SAN스위치 #43L10M]SWI.MON.SFP.RX.I1
2023-01-26 09:56:57,766 ERROR ==> dup mag : INFO 2 01042420660 20220613142521 5011815 P HSRM HSRM NA [SWI][SAN스위치 #43L10M]SWI.MON.SFP.RX.I1
2023-01-26 09:56:57,766 ERROR ==> dup mag : INFO 2 01042420660 20220513103555 5011815 P HSRM HSRM NA [STG][10056]7D0B00
2023-01-26 09:56:57,766 ERROR ==> dup mag : INFO 2 01042420660 20220513103555 5011815 P HSRM HSRM NA [STG][10056]7D0500
2023-01-26 09:56:57,766 ERROR ==> dup mag : INFO 2 01042420660 20220513143555 5011815 P HSRM HSRM NA [STG][10056]7D0500
2023-01-26 09:56:57,766 ERROR ==> dup mag : INFO 2 01042420660 20220513143556 5011815 P HSRM HSRM NA [STG][10056]7D0500
2023-01-26 09:56:57,766 INFO ==> INFO 2 01042420660 20220513143557 5011815 P HSRM HSRM NA [STG][10056]7D0500
2023-01-26 09:57:18,822 ERROR ==> [WinError 10060] 연결된 구성원으로부터 응답이 없어 연결하지 못했거나, 호스트로부터 응답이 없어 연결이 끊어졌습니다
2023-01-26 09:57:18,822 INFO ==> INFO 2 01042420660 20220513143559 5011815 P HSRM HSRM NA [STG][10056]7D0500
2023-01-26 09:57:39,858 ERROR ==> [WinError 10060] 연결된 구성원으로부터 응답이 없어 연결하지 못했거나, 호스트로부터 응답이 없어 연결이 끊어졌습니다
2023-01-26 09:57:39,858 INFO ==> INFO 2 01042420660 20220513143659 5011815 P HSRM HSRM NA [STG][10056]7D0500
2023-01-26 09:58:00,913 ERROR ==> [WinError 10060] 연결된 구성원으로부터 응답이 없어 연결하지 못했거나, 호스트로부터 응답이 없어 연결이 끊어졌습니다
2023-01-26 09:58:00,913 INFO ==> INFO 2 01042420660 20220513143759 5011815 P HSRM HSRM NA [STG][10056]7D0500
2023-01-26 09:58:21,932 ERROR ==> [WinError 10060] 연결된 구성원으로부터 응답이 없어 연결하지 못했거나, 호스트로부터 응답이 없어 연결이 끊어졌습니다
2023-01-26 09:58:21,932 INFO ==> INFO 2 01042420660 20220513143859 5011815 P HSRM HSRM NA [STG][10056]7D0500
2023-01-26 09:58:42,951 ERROR ==> [WinError 10060] 연결된 구성원으로부터 응답이 없어 연결하지 못했거나, 호스트로부터 응답이 없어 연결이 끊어졌습니다
2023-01-26 09:58:42,951 INFO ==> INFO 2 01042420660 20220516164559 5011815 P HSRM HSRM NA [STG][10056]7D0500
2023-01-26 09:59:04,011 ERROR ==> [WinError 10060] 연결된 구성원으로부터 응답이 없어 연결하지 못했거나, 호스트로부터 응답이 없어 연결이 끊어졌습니다
2023-01-26 09:59:04,011 INFO ==> INFO 2 01042420660 20220516164559 5011815 P HSRM HSRM NA [STG][10058]7D0500
2023-01-26 09:59:25,063 ERROR ==> [WinError 10060] 연결된 구성원으로부터 응답이 없어 연결하지 못했거나, 호스트로부터 응답이 없어 연결이 끊어졌습니다
2023-01-26 09:59:25,063 INFO ==> INFO 2 01042420660 20220516164559 5011815 P HSRM HSRM NA [STG][11058]7D0500
2023-01-26 09:59:51,139 DEBUG ==> yd : 2023-01-25, td: 2023-01-26, cd: 2023-01-26 09:56:55, qcd: 2023-01-26 09:55:55, count:26
2023-01-26 09:59:51,139 INFO ==> INFO 2 01042420660 20220610142521 5011815 P HSRM HSRM NA [SWI][SAN스위치 #43L10M][2022-06-10 14:25:21][Critical][SFP RX][SAN 스위치 #43L10M (BRCALJ1943L10M)][Index:1,Slot:0,Port:1] SFP Rx Power 334.2uW [Port Speed:N16, Threshold:400uW], Linked Devices : [SVR] nfddbo02  [STG] CKM00155102948(스토리지 #102948)
2023-01-26 10:00:12,209 ERROR ==> [WinError 10060] 연결된 구성원으로부터 응답이 없어 연결하지 못했거나, 호스트로부터 응답이 없어 연결이 끊어졌습니다
2023-01-26 10:00:12,209 INFO ==> INFO 2 01042420660 20220610142521 5011815 P HSRM HSRM NA [SWI][SAN스위치 #43L10M][2022-06-10 14:25:21][Critical][SFP RX][SAN 스위치 #43L10M (BRCALJ1943L10M)][Index:1,Slot:0,Port:1] SFP Rx Power 334.2uW [Port Speed:N16, Threshold:400uW], Linked Devices : [SVR] nfddbo02  [STG] CKM00155102948(스토리지 #102948)
2023-01-26 10:00:33,257 ERROR ==> [WinError 10060] 연결된 구성원으로부터 응답이 없어 연결하지 못했거나, 호스트로부터 응답이 없어 연결이 끊어졌습니다
2023-01-26 10:00:33,257 INFO ==> INFO 2 01042420660 20220610142521 5011815 P HSRM HSRM NA [SWI][SAN스위치 #43L10M][2022-06-10 14:25:21][Critical][SFP RX][SAN 스위치 #43L10M (BRCALJ1943L10M)][Index:1,Slot:0,Port:1] SFP Rx Power 334.2uW [Port Speed:N16, Threshold:400uW], Linked Devices : [SVR] nfddbo02  [STG] CKM00155102948(스토리지 #102948)
2023-01-26 10:00:54,290 ERROR ==> [WinError 10060] 연결된 구성원으로부터 응답이 없어 연결하지 못했거나, 호스트로부터 응답이 없어 연결이 끊어졌습니다
2023-01-26 10:00:54,290 INFO ==> INFO 2 01042420660 20220613142521 5011815 P HSRM HSRM NA [SWI][SAN스위치 #43L10M][2022-06-13 14:25:21][Critical][SFP RX][SAN 스위치 #43L10M (BRCALJ1943L10M)][Index:1,Slot:0,Port:1] SFP Rx Power 334.2uW [Port Speed:N16, Threshold:400uW], Linked Devices : [SVR] nfddbo02  [STG] CKM00155102948(스토리지 #102948)
2023-01-26 10:01:15,331 ERROR ==> [WinError 10060] 연결된 구성원으로부터 응답이 없어 연결하지 못했거나, 호스트로부터 응답이 없어 연결이 끊어졌습니다
2023-01-26 10:01:15,331 INFO ==> INFO 2 01042420660 20220513103555 5011815 P HSRM HSRM NA [STG][10056]is a Error test code.[PORT:1A]
2023-01-26 10:01:36,370 ERROR ==> [WinError 10060] 연결된 구성원으로부터 응답이 없어 연결하지 못했거나, 호스트로부터 응답이 없어 연결이 끊어졌습니다
2023-01-26 10:01:36,370 INFO ==> INFO 2 01042420660 20220513103555 5011815 P HSRM HSRM NA [STG][10056]is a Error test code.[PORT:1A]
2023-01-26 10:01:57,398 ERROR ==> [WinError 10060] 연결된 구성원으로부터 응답이 없어 연결하지 못했거나, 호스트로부터 응답이 없어 연결이 끊어졌습니다
2023-01-26 10:01:57,398 INFO ==> INFO 2 01042420660 20220513143555 5011815 P HSRM HSRM NA [STG][10056]is a Error test code.[PORT:1A]
2023-01-26 10:02:18,449 ERROR ==> [WinError 10060] 연결된 구성원으로부터 응답이 없어 연결하지 못했거나, 호스트로부터 응답이 없어 연결이 끊어졌습니다
2023-01-26 10:02:18,449 INFO ==> INFO 2 01042420660 20220513143556 5011815 P HSRM HSRM NA [STG][10056]is a Error test code.[PORT:1A]
2023-01-26 10:02:39,512 ERROR ==> [WinError 10060] 연결된 구성원으로부터 응답이 없어 연결하지 못했거나, 호스트로부터 응답이 없어 연결이 끊어졌습니다
2023-01-26 10:02:39,512 INFO ==> INFO 2 01042420660 20220513143557 5011815 P HSRM HSRM NA [STG][10056]is a Error test code.[PORT:1A]
2023-01-26 10:03:00,557 ERROR ==> [WinError 10060] 연결된 구성원으로부터 응답이 없어 연결하지 못했거나, 호스트로부터 응답이 없어 연결이 끊어졌습니다
2023-01-26 10:03:00,557 INFO ==> INFO 2 01042420660 20220513143559 5011815 P HSRM HSRM NA [STG][10056]is a Error test code.[PORT:1A]
2023-01-26 10:03:21,621 ERROR ==> [WinError 10060] 연결된 구성원으로부터 응답이 없어 연결하지 못했거나, 호스트로부터 응답이 없어 연결이 끊어졌습니다
2023-01-26 10:03:21,621 INFO ==> INFO 2 01042420660 20220513143659 5011815 P HSRM HSRM NA [STG][10056]is a Error test code.[PORT:1A]
2023-01-26 10:03:42,689 ERROR ==> [WinError 10060] 연결된 구성원으로부터 응답이 없어 연결하지 못했거나, 호스트로부터 응답이 없어 연결이 끊어졌습니다
2023-01-26 10:03:42,689 INFO ==> INFO 2 01042420660 20220513143759 5011815 P HSRM HSRM NA [STG][10056]is a Error test code.[PORT:1A]
2023-01-26 10:04:03,706 ERROR ==> [WinError 10060] 연결된 구성원으로부터 응답이 없어 연결하지 못했거나, 호스트로부터 응답이 없어 연결이 끊어졌습니다
2023-01-26 10:04:03,706 INFO ==> INFO 2 01042420660 20220513143859 5011815 P HSRM HSRM NA [STG][10056]is a Error test code.[PORT:1A]
2023-01-26 10:04:24,761 ERROR ==> [WinError 10060] 연결된 구성원으로부터 응답이 없어 연결하지 못했거나, 호스트로부터 응답이 없어 연결이 끊어졌습니다
2023-01-26 10:04:24,761 INFO ==> INFO 2 01042420660 20220516164559 5011815 P HSRM HSRM NA [STG][10056]is a Error test code.[PORT:1A]
2023-01-26 10:04:45,794 ERROR ==> [WinError 10060] 연결된 구성원으로부터 응답이 없어 연결하지 못했거나, 호스트로부터 응답이 없어 연결이 끊어졌습니다
2023-01-26 10:04:45,794 INFO ==> INFO 2 01042420660 20220516164559 5011815 P HSRM HSRM NA [STG][10058]is a Error test code.[PORT:1A]
2023-01-26 10:05:06,828 ERROR ==> [WinError 10060] 연결된 구성원으로부터 응답이 없어 연결하지 못했거나, 호스트로부터 응답이 없어 연결이 끊어졌습니다
2023-01-26 10:05:06,828 INFO ==> INFO 2 01042420660 20220516164559 5011815 P HSRM HSRM NA [STG][11058]is a Error test code.[PORT:1A]
2023-01-26 10:05:27,860 ERROR ==> [WinError 10060] 연결된 구성원으로부터 응답이 없어 연결하지 못했거나, 호스트로부터 응답이 없어 연결이 끊어졌습니다
2023-01-26 10:05:27,860 INFO ==> INFO 2 01042420660 20220531105930 5011815 P HSRM HSRM NA [STG][292605459]Symmetrix 000292605459 : Component state has changed to Offline. - Object is: 000292605459:DB-1B/ENC-2/LCC-A
2023-01-26 10:05:48,890 ERROR ==> [WinError 10060] 연결된 구성원으로부터 응답이 없어 연결하지 못했거나, 호스트로부터 응답이 없어 연결이 끊어졌습니다
2023-01-26 10:05:48,890 INFO ==> INFO 2 01042420660 20220531105700 5011815 P HSRM HSRM NA [STG][292605459]Symmetrix 000292605459 : Component state has changed to Offline. - Object is: 000292605459:DB-1B/ENC-2/LCC-A
2023-01-26 10:06:09,951 ERROR ==> [WinError 10060] 연결된 구성원으로부터 응답이 없어 연결하지 못했거나, 호스트로부터 응답이 없어 연결이 끊어졌습니다
2023-01-26 10:06:09,951 INFO ==> INFO 2 01042420660 20220531105700 5011815 P HSRM HSRM NA [STG][292605459]Symmetrix 000292605459 : Component state has changed to Offline. - Object is: 000292605459:DB-1B/ENC-2/LCC-B
2023-01-26 10:06:30,968 ERROR ==> [WinError 10060] 연결된 구성원으로부터 응답이 없어 연결하지 못했거나, 호스트로부터 응답이 없어 연결이 끊어졌습니다
2023-01-26 10:06:30,968 INFO ==> INFO 2 01042420660 20220610133432 5011815 P HSRM HSRM NA [STG][스토리지 #000427]Symmetrix 000292605459 : Component state has changed to Offline. - Object is: 000292605459:DB-1B/ENC-2/LCC-B
2023-01-26 10:06:51,995 ERROR ==> [WinError 10060] 연결된 구성원으로부터 응답이 없어 연결하지 못했거나, 호스트로부터 응답이 없어 연결이 끊어졌습니다
2023-01-26 10:06:51,995 INFO ==> INFO 2 01042420660 20220516164559 5011815 P HSRM HSRM NA [STG][스토리지 #011543]is a Error test code.[PORT:1A]
2023-01-26 10:07:13,038 ERROR ==> [WinError 10060] 연결된 구성원으로부터 응답이 없어 연결하지 못했거나, 호스트로부터 응답이 없어 연결이 끊어졌습니다
2023-01-26 10:07:13,038 INFO ==> INFO 2 01042420660 20220610164559 5011815 P HSRM HSRM NA [STG][스토리지 #011543]is a Error test code.[PORT:1A]
2023-01-26 10:07:34,090 ERROR ==> [WinError 10060] 연결된 구성원으로부터 응답이 없어 연결하지 못했거나, 호스트로부터 응답이 없어 연결이 끊어졌습니다
2023-01-26 10:07:34,090 INFO ==> INFO 2 01042420660 20220610142521 5011815 P HSRM HSRM NA [SWI][SAN스위치 #43L10M][2022-06-10 14:25:21][Critical][SFP RX][SAN 스위치 #43L10M (BRCALJ1943L10M)][Index:1,Slot:0,Port:1] SFP Rx Power 334.2uW [Port Speed:N16, Threshold:400uW], Linked Devices : [SVR] nfddbo02  [STG] CKM00155102948(스토리지 #102948)
2023-01-26 10:07:55,156 ERROR ==> [WinError 10060] 연결된 구성원으로부터 응답이 없어 연결하지 못했거나, 호스트로부터 응답이 없어 연결이 끊어졌습니다
2023-01-26 10:07:55,156 INFO ==> INFO 2 01042420660 20220613142521 5011815 P HSRM HSRM NA [SWI][SAN스위치 #43L10M][2022-06-13 14:25:21][Critical][SFP RX][SAN 스위치 #43L10M (BRCALJ1943L10M)][Index:1,Slot:0,Port:1] SFP Rx Power 334.2uW [Port Speed:N16, Threshold:400uW], Linked Devices : [SVR] nfddbo02  [STG] CKM00155102948(스토리지 #102948)
2023-01-26 10:08:16,228 ERROR ==> [WinError 10060] 연결된 구성원으로부터 응답이 없어 연결하지 못했거나, 호스트로부터 응답이 없어 연결이 끊어졌습니다
2023-01-26 10:08:16,228 INFO ==> INFO 2 01042420660 20220613164559 5011815 P HSRM HSRM NA [STG][스토리지 #011543]is a Error test code.[PORT:1A]
2023-01-26 10:08:37,277 ERROR ==> [WinError 10060] 연결된 구성원으로부터 응답이 없어 연결하지 못했거나, 호스트로부터 응답이 없어 연결이 끊어졌습니다
2023-01-26 10:08:37,277 INFO ==> INFO 2 01042420660 20220613072633 5011815 P HSRM HSRM NA [STG][스토리지 #000427]Symmetrix 000292605459 : Component state has changed to Offline. - Object is: 000292605459:DB-1B/ENC-2/LCC-B
2023-01-26 10:08:58,296 ERROR ==> [WinError 10060] 연결된 구성원으로부터 응답이 없어 연결하지 못했거나, 호스트로부터 응답이 없어 연결이 끊어졌습니다
2023-01-26 10:11:03,889 ERROR ==> 오류:  "desc_summary" 이름의 칼럼은 없습니다
LINE 11:        desc_summary,
                ^

2023-01-26 10:11:03,889 DEBUG ==> yd : 2023-01-25, td: 2023-01-26, cd: 2023-01-26 09:59:48, qcd: 2023-01-26 09:58:48, count:0
2023-01-26 10:11:18,662 DEBUG ==> yd : 2023-01-25, td: 2023-01-26, cd: 2023-01-26 10:11:03, qcd: 2023-01-26 10:10:03, count:0
