2023-01-12 12:40:54,153 DEBUG ==> yd : 2023-01-11, td: 2023-01-12, cd: 2022-05-10 19:03:30, qcd: 2022-05-10 19:02:30, count:30
2023-01-12 12:40:54,153 INFO ==> INFO 2 000000BRCCHQ1939L00P 20220211000439 5011815 P HSRM HSRM NA [Critical                                          ][Critical                                          ]000000BRCCHQ1939L00P
2023-01-12 12:40:54,153 INFO ==> INFO 2 000000BRCCHQ1939L00C 20220211000416 5011815 P HSRM HSRM NA [Critical                                          ][Critical                                          ]000000BRCCHQ1939L00C
2023-01-12 12:40:54,168 INFO ==> INFO 2 000000000CHQ2551L021 20220211000416 5011815 P HSRM HSRM NA [Critical                                          ][Critical                                          ]000000000CHQ2551L021
2023-01-12 12:40:54,168 INFO ==> INFO 2 000000BRCBRW1950K024 20220211000143 5011815 P HSRM HSRM NA [Critical                                          ][Critical                                          ]000000BRCBRW1950K024
2023-01-12 12:40:54,184 INFO ==> INFO 2 000000BRCBRW1950K024 20220211000143 5011815 P HSRM HSRM NA [Critical                                          ][Critical                                          ]000000BRCBRW1950K024
2023-01-12 12:40:54,184 INFO ==> INFO 2 000000BRCBRW1950K024 20220211000143 5011815 P HSRM HSRM NA [Critical                                          ][Critical                                          ]000000BRCBRW1950K024
2023-01-12 12:40:54,199 INFO ==> INFO 2 000000BRCBRW1950K024 20220211000143 5011815 P HSRM HSRM NA [Critical                                          ][Critical                                          ]000000BRCBRW1950K024
2023-01-12 12:40:54,199 INFO ==> INFO 2 000000BRCBRW1950K024 20220211000143 5011815 P HSRM HSRM NA [Critical                                          ][Critical                                          ]000000BRCBRW1950K024
2023-01-12 12:40:54,199 INFO ==> INFO 2 000000BRCBRW1950K024 20220211000143 5011815 P HSRM HSRM NA [Critical                                          ][Critical                                          ]000000BRCBRW1950K024
2023-01-12 12:40:54,215 INFO ==> INFO 2 000000BRCEZL1904S0N7 20220211000056 5011815 P HSRM HSRM NA [Critical                                          ][Critical                                          ]000000BRCEZL1904S0N7
2023-01-12 12:40:54,215 INFO ==> INFO 2 000000BRCEZL1904S0N7 20220211000056 5011815 P HSRM HSRM NA [Critical                                          ][Critical                                          ]000000BRCEZL1904S0N7
2023-01-12 12:40:54,231 INFO ==> INFO 2 000000BRCEZL1904S0N7 20220211000056 5011815 P HSRM HSRM NA [Critical                                          ][Critical                                          ]000000BRCEZL1904S0N7
2023-01-12 12:40:54,231 INFO ==> INFO 2 000000BRCCCD1916Q02J 20220211000229 5011815 P HSRM HSRM NA [Critical                                          ][Critical                                          ]000000BRCCCD1916Q02J
2023-01-12 12:40:54,231 INFO ==> INFO 2 000000BRCCCD1916Q02J 20220211000229 5011815 P HSRM HSRM NA [Critical                                          ][Critical                                          ]000000BRCCCD1916Q02J
2023-01-12 12:40:54,246 INFO ==> INFO 2 000000BRCEZL1905S0C0 20220211000056 5011815 P HSRM HSRM NA [Critical                                          ][Critical                                          ]000000BRCEZL1905S0C0
2023-01-12 12:40:54,246 INFO ==> INFO 2 000000BRCEZL1905S0C0 20220211000056 5011815 P HSRM HSRM NA [Critical                                          ][Critical                                          ]000000BRCEZL1905S0C0
2023-01-12 12:40:54,246 INFO ==> INFO 2 000000BRCEZL1905S0C0 20220211000056 5011815 P HSRM HSRM NA [Critical                                          ][Critical                                          ]000000BRCEZL1905S0C0
2023-01-12 12:40:54,262 INFO ==> INFO 2 000000000ANN2551L008 20220211000226 5011815 P HSRM HSRM NA [Critical                                          ][Critical                                          ]000000000ANN2551L008
2023-01-12 12:40:54,262 INFO ==> INFO 2 000000BRCCHQ1907Q00J 20220211000417 5011815 P HSRM HSRM NA [Critical                                          ][Critical                                          ]000000BRCCHQ1907Q00J
2023-01-12 12:40:54,262 INFO ==> INFO 2 000000BRCCHQ1907Q00C 20220211000440 5011815 P HSRM HSRM NA [Critical                                          ][Critical                                          ]000000BRCCHQ1907Q00C
2023-01-12 12:40:54,278 INFO ==> INFO 2 000000000ANN2536L021 20220211000226 5011815 P HSRM HSRM NA [Critical                                          ][Critical                                          ]000000000ANN2536L021
2023-01-12 12:40:54,278 INFO ==> INFO 2 000000BRCCCD1916Q02C 20220212000217 5011815 P HSRM HSRM NA [Critical                                          ][Critical                                          ]000000BRCCCD1916Q02C
2023-01-12 12:40:54,278 INFO ==> INFO 2 000000BRCCCD1916Q02C 20220212000217 5011815 P HSRM HSRM NA [Critical                                          ][Critical                                          ]000000BRCCCD1916Q02C
2023-01-12 12:40:54,293 INFO ==> INFO 2 000000BRCCHQ1911Q00J 20220212000149 5011815 P HSRM HSRM NA [Critical                                          ][Critical                                          ]000000BRCCHQ1911Q00J
2023-01-12 12:40:54,293 INFO ==> INFO 2 000000BRCEZL1905S0C0 20220212000106 5011815 P HSRM HSRM NA [Critical                                          ][Critical                                          ]000000BRCEZL1905S0C0
2023-01-12 12:40:54,293 INFO ==> INFO 2 000000BRCEZL1905S0C0 20220212000106 5011815 P HSRM HSRM NA [Critical                                          ][Critical                                          ]000000BRCEZL1905S0C0
2023-01-12 12:40:54,309 INFO ==> INFO 2 000000BRCEZL1905S0C0 20220212000106 5011815 P HSRM HSRM NA [Critical                                          ][Critical                                          ]000000BRCEZL1905S0C0
2023-01-12 12:40:54,309 INFO ==> INFO 2 000000BRCEWY1902S07M 20220212000150 5011815 P HSRM HSRM NA [Critical                                          ][Critical                                          ]000000BRCEWY1902S07M
2023-01-12 12:40:54,309 INFO ==> INFO 2 000000BRCBRW1950K024 20220212000153 5011815 P HSRM HSRM NA [Critical                                          ][Critical                                          ]000000BRCBRW1950K024
2023-01-12 12:40:54,309 INFO ==> INFO 2 000000BRCBRW1950K024 20220212000153 5011815 P HSRM HSRM NA [Critical                                          ][Critical                                          ]000000BRCBRW1950K024
2023-01-12 12:41:12,803 DEBUG ==> yd : 2023-01-11, td: 2023-01-12, cd: 2023-01-12 12:40:53, qcd: 2023-01-12 12:39:53, count:30
2023-01-12 12:41:12,803 ERROR ==> dup mag : INFO 2 000000BRCBRW1950K024 20220212000153 5011815 P HSRM HSRM NA [Critical                                          ][Critical                                          ]000000BRCBRW1950K024
2023-01-12 12:41:12,803 ERROR ==> dup mag : INFO 2 000000BRCBRW1950K024 20220212000153 5011815 P HSRM HSRM NA [Critical                                          ][Critical                                          ]000000BRCBRW1950K024
2023-01-12 12:41:12,803 ERROR ==> dup mag : INFO 2 000000BRCBRW1950K024 20220212000153 5011815 P HSRM HSRM NA [Critical                                          ][Critical                                          ]000000BRCBRW1950K024
2023-01-12 12:41:12,819 ERROR ==> dup mag : INFO 2 000000BRCBRW1950K024 20220212000153 5011815 P HSRM HSRM NA [Critical                                          ][Critical                                          ]000000BRCBRW1950K024
2023-01-12 12:41:12,819 INFO ==> INFO 2 000000000CHQ2551L021 20220212000404 5011815 P HSRM HSRM NA [Critical                                          ][Critical                                          ]000000000CHQ2551L021
2023-01-12 12:41:12,819 INFO ==> INFO 2 000000BRCEZL1904S0N7 20220212000106 5011815 P HSRM HSRM NA [Critical                                          ][Critical                                          ]000000BRCEZL1904S0N7
2023-01-12 12:41:12,835 INFO ==> INFO 2 000000BRCEZL1904S0N7 20220212000106 5011815 P HSRM HSRM NA [Critical                                          ][Critical                                          ]000000BRCEZL1904S0N7
2023-01-12 12:41:12,835 INFO ==> INFO 2 000000BRCEZL1904S0N7 20220212000106 5011815 P HSRM HSRM NA [Critical                                          ][Critical                                          ]000000BRCEZL1904S0N7
2023-01-12 12:41:12,835 INFO ==> INFO 2 000000BRCCCD1916Q02J 20220212000239 5011815 P HSRM HSRM NA [Critical                                          ][Critical                                          ]000000BRCCCD1916Q02J
2023-01-12 12:41:12,850 INFO ==> INFO 2 000000BRCCCD1916Q02J 20220212000239 5011815 P HSRM HSRM NA [Critical                                          ][Critical                                          ]000000BRCCCD1916Q02J
2023-01-12 12:41:12,850 INFO ==> INFO 2 000000BRCCHQ1939L00P 20220212000427 5011815 P HSRM HSRM NA [Critical                                          ][Critical                                          ]000000BRCCHQ1939L00P
2023-01-12 12:41:12,850 INFO ==> INFO 2 000000BRCBRW1908Q0FE 20220212000131 5011815 P HSRM HSRM NA [Critical                                          ][Critical                                          ]000000BRCBRW1908Q0FE
2023-01-12 12:41:12,866 INFO ==> INFO 2 000000BRCBRW1908Q0FE 20220212000131 5011815 P HSRM HSRM NA [Critical                                          ][Critical                                          ]000000BRCBRW1908Q0FE
2023-01-12 12:41:12,866 INFO ==> INFO 2 000000BRCBRW1908Q0FE 20220212000131 5011815 P HSRM HSRM NA [Critical                                          ][Critical                                          ]000000BRCBRW1908Q0FE
2023-01-12 12:41:12,866 INFO ==> INFO 2 000000BRCBRW1908Q0FE 20220212000131 5011815 P HSRM HSRM NA [Critical                                          ][Critical                                          ]000000BRCBRW1908Q0FE
2023-01-12 12:41:12,881 INFO ==> INFO 2 000000BRCBRW1908Q0FE 20220212000131 5011815 P HSRM HSRM NA [Critical                                          ][Critical                                          ]000000BRCBRW1908Q0FE
2023-01-12 12:41:12,881 INFO ==> INFO 2 000000BRCBRW1908Q0FE 20220212000131 5011815 P HSRM HSRM NA [Critical                                          ][Critical                                          ]000000BRCBRW1908Q0FE
2023-01-12 12:41:12,881 INFO ==> INFO 2 000000000ANN4017P007 20220212000237 5011815 P HSRM HSRM NA [Critical                                          ][Critical                                          ]000000000ANN4017P007
2023-01-12 12:41:12,897 INFO ==> INFO 2 000000000ANN4017P007 20220212000237 5011815 P HSRM HSRM NA [Critical                                          ][Critical                                          ]000000000ANN4017P007
2023-01-12 12:41:12,897 INFO ==> INFO 2 000000000ANN4017P007 20220212000237 5011815 P HSRM HSRM NA [Critical                                          ][Critical                                          ]000000000ANN4017P007
2023-01-12 12:41:12,897 INFO ==> INFO 2 000000000ANN4017P007 20220212000237 5011815 P HSRM HSRM NA [Critical                                          ][Critical                                          ]000000000ANN4017P007
2023-01-12 12:41:12,897 INFO ==> INFO 2 000000000ANN2536L021 20220212000236 5011815 P HSRM HSRM NA [Critical                                          ][Critical                                          ]000000000ANN2536L021
2023-01-12 12:41:12,913 INFO ==> INFO 2 000000000ANN2551L008 20220212000236 5011815 P HSRM HSRM NA [Critical                                          ][Critical                                          ]000000000ANN2551L008
2023-01-12 12:41:12,913 INFO ==> INFO 2 000000BRCCHQ1907Q00C 20220212000427 5011815 P HSRM HSRM NA [Critical                                          ][Critical                                          ]000000BRCCHQ1907Q00C
2023-01-12 12:41:12,913 INFO ==> INFO 2 000000BRCCHQ1907Q00J 20220212000405 5011815 P HSRM HSRM NA [Critical                                          ][Critical                                          ]000000BRCCHQ1907Q00J
2023-01-12 12:41:12,928 INFO ==> INFO 2 000000BRCEZL1905S0C0 20220213000051 5011815 P HSRM HSRM NA [Critical                                          ][Critical                                          ]000000BRCEZL1905S0C0
2023-01-12 12:41:12,928 INFO ==> INFO 2 000000BRCEZL1905S0C0 20220213000051 5011815 P HSRM HSRM NA [Critical                                          ][Critical                                          ]000000BRCEZL1905S0C0
2023-01-12 12:41:12,928 INFO ==> INFO 2 000000BRCEZL1905S0C0 20220213000051 5011815 P HSRM HSRM NA [Critical                                          ][Critical                                          ]000000BRCEZL1905S0C0
2023-01-12 12:41:12,928 INFO ==> INFO 2 000000BRCBRW1950K024 20220213000138 5011815 P HSRM HSRM NA [Critical                                          ][Critical                                          ]000000BRCBRW1950K024
2023-01-12 12:41:12,944 INFO ==> INFO 2 000000BRCBRW1950K024 20220213000138 5011815 P HSRM HSRM NA [Critical                                          ][Critical                                          ]000000BRCBRW1950K024
2023-01-12 12:48:25,479 DEBUG ==> yd : 2023-01-11, td: 2023-01-12, cd: 2023-01-12 12:41:12, qcd: 2023-01-12 12:40:12, count:1
2023-01-12 12:48:25,479 INFO ==> INFO 2 00000000000000026279 20230111104515 5011815 P HSRM HSRM NA [Warning                                           ][Service                                           ]K.H.ST.Wisenet 쪽지 신규/메일아카이빙/쪽지DB.6279
2023-01-12 12:48:37,773 DEBUG ==> yd : 2023-01-11, td: 2023-01-12, cd: 2023-01-12 12:48:24, qcd: 2023-01-12 12:47:24, count:0
2023-01-12 12:48:51,009 DEBUG ==> yd : 2023-01-11, td: 2023-01-12, cd: 2023-01-12 12:48:37, qcd: 2023-01-12 12:47:37, count:1
2023-01-12 12:48:51,009 ERROR ==> dup mag : INFO 2 00000000000000026279 20230111104515 5011815 P HSRM HSRM NA [Warning                                           ][Service                                           ]K.H.ST.Wisenet 쪽지 신규/메일아카이빙/쪽지DB.6279
2023-01-12 13:14:18,610 DEBUG ==> yd : 2023-01-11, td: 2023-01-12, cd: 2023-01-12 12:48:50, qcd: 2023-01-12 12:47:50, count:0
2023-01-12 13:14:50,517 DEBUG ==> yd : 2023-01-11, td: 2023-01-12, cd: 2023-01-12 13:14:17, qcd: 2023-01-12 13:13:17, count:0
