2023-01-16 08:42:45,488 221 DEBUG ==>YD[2023-01-15], TD[2023-01-16], QCD[2023-01-13 15:34:35], CD[2023-01-13 15:35:35], count : 0
2023-01-16 08:43:16,028 ERROR ==> 오류:  bigint 자료형 대한 잘못된 입력: "{SEQ_NO}"
LINE 29:                and seq_no > '{SEQ_NO}'
                                     ^

2023-01-16 08:43:16,028 DEBUG ==> yd : 2023-01-15, td: 2023-01-16, cd: 2023-01-16 08:42:29, qcd: 2023-01-16 08:41:29, count:0
2023-01-16 08:44:07,421 DEBUG ==> yd : 2023-01-15, td: 2023-01-16, cd: 2023-01-16 08:43:15, qcd: 2023-01-16 08:42:15, count:0
2023-01-16 12:23:06,009 ERROR ==> 오류:  "telephone" 이름의 칼럼은 없습니다
LINE 3:        telephone,
               ^

2023-01-16 12:23:06,009 DEBUG ==> yd : 2023-01-15, td: 2023-01-16, cd: 2023-01-16 08:44:04, qcd: 2023-01-16 08:43:04, count:0
2023-01-16 12:23:46,220 DEBUG ==> yd : 2023-01-15, td: 2023-01-16, cd: 2023-01-16 12:23:05, qcd: 2023-01-16 12:22:05, count:0
2023-01-16 12:24:08,192 DEBUG ==> yd : 2023-01-15, td: 2023-01-16, cd: 2023-01-16 12:23:43, qcd: 2023-01-16 12:22:43, count:0
2023-01-16 12:24:26,290 DEBUG ==> yd : 2023-01-15, td: 2023-01-16, cd: 2023-01-16 12:24:05, qcd: 2023-01-16 12:23:05, count:0
2023-01-16 12:25:12,695 DEBUG ==> yd : 2023-01-15, td: 2023-01-16, cd: 2023-01-16 12:24:23, qcd: 2023-01-16 12:23:23, count:0
2023-01-16 12:26:39,345 DEBUG ==> yd : 2023-01-15, td: 2023-01-16, cd: 2023-01-16 12:26:01, qcd: 2023-01-16 12:25:01, count:26
2023-01-16 12:26:39,345 INFO ==> INFO 2 01042420660 20220610142521 5011815 P HSRM HSRM NA [SWI][SAN스위치 #43L10M]SWI.MON.SFP.RX.I1
2023-01-16 12:27:00,415 ERROR ==> [WinError 10060] 연결된 구성원으로부터 응답이 없어 연결하지 못했거나, 호스트로부터 응답이 없어 연결이 끊어졌습니다
2023-01-16 12:27:00,415 INFO ==> INFO 2 01042420660 20220610142521 5011815 P HSRM HSRM NA [SWI][SAN스위치 #43L10M]SWI.MON.SFP.RX.I1
2023-01-16 12:27:21,467 ERROR ==> [WinError 10060] 연결된 구성원으로부터 응답이 없어 연결하지 못했거나, 호스트로부터 응답이 없어 연결이 끊어졌습니다
2023-01-16 12:27:21,467 INFO ==> INFO 2 01042420660 20220610142521 5011815 P HSRM HSRM NA [SWI][SAN스위치 #43L10M]SWI.MON.SFP.RX.I1
2023-01-16 12:27:42,504 ERROR ==> [WinError 10060] 연결된 구성원으로부터 응답이 없어 연결하지 못했거나, 호스트로부터 응답이 없어 연결이 끊어졌습니다
2023-01-16 12:27:42,504 INFO ==> INFO 2 01042420660 20220613142521 5011815 P HSRM HSRM NA [SWI][SAN스위치 #43L10M]SWI.MON.SFP.RX.I1
2023-01-16 12:28:03,521 ERROR ==> [WinError 10060] 연결된 구성원으로부터 응답이 없어 연결하지 못했거나, 호스트로부터 응답이 없어 연결이 끊어졌습니다
2023-01-16 12:28:03,521 INFO ==> INFO 2 01042420660 20220513103555 5011815 P HSRM HSRM NA [STG][10056]7D0B00
2023-01-16 12:28:24,548 ERROR ==> [WinError 10060] 연결된 구성원으로부터 응답이 없어 연결하지 못했거나, 호스트로부터 응답이 없어 연결이 끊어졌습니다
2023-01-16 12:28:24,548 INFO ==> INFO 2 01042420660 20220513103555 5011815 P HSRM HSRM NA [STG][10056]7D0500
2023-01-16 12:28:45,587 ERROR ==> [WinError 10060] 연결된 구성원으로부터 응답이 없어 연결하지 못했거나, 호스트로부터 응답이 없어 연결이 끊어졌습니다
2023-01-16 12:28:45,589 INFO ==> INFO 2 01042420660 20220513143555 5011815 P HSRM HSRM NA [STG][10056]7D0500
2023-01-16 12:29:06,642 ERROR ==> [WinError 10060] 연결된 구성원으로부터 응답이 없어 연결하지 못했거나, 호스트로부터 응답이 없어 연결이 끊어졌습니다
2023-01-16 12:29:06,643 INFO ==> INFO 2 01042420660 20220513143556 5011815 P HSRM HSRM NA [STG][10056]7D0500
2023-01-16 12:29:27,684 ERROR ==> [WinError 10060] 연결된 구성원으로부터 응답이 없어 연결하지 못했거나, 호스트로부터 응답이 없어 연결이 끊어졌습니다
2023-01-16 12:29:27,684 INFO ==> INFO 2 01042420660 20220513143557 5011815 P HSRM HSRM NA [STG][10056]7D0500
2023-01-16 12:29:48,736 ERROR ==> [WinError 10060] 연결된 구성원으로부터 응답이 없어 연결하지 못했거나, 호스트로부터 응답이 없어 연결이 끊어졌습니다
2023-01-16 12:29:48,737 INFO ==> INFO 2 01042420660 20220513143559 5011815 P HSRM HSRM NA [STG][10056]7D0500
2023-01-16 12:30:09,774 ERROR ==> [WinError 10060] 연결된 구성원으로부터 응답이 없어 연결하지 못했거나, 호스트로부터 응답이 없어 연결이 끊어졌습니다
2023-01-16 12:30:09,774 INFO ==> INFO 2 01042420660 20220513143659 5011815 P HSRM HSRM NA [STG][10056]7D0500
2023-01-16 12:30:30,820 ERROR ==> [WinError 10060] 연결된 구성원으로부터 응답이 없어 연결하지 못했거나, 호스트로부터 응답이 없어 연결이 끊어졌습니다
2023-01-16 12:30:30,820 INFO ==> INFO 2 01042420660 20220513143759 5011815 P HSRM HSRM NA [STG][10056]7D0500
2023-01-16 12:30:51,860 ERROR ==> [WinError 10060] 연결된 구성원으로부터 응답이 없어 연결하지 못했거나, 호스트로부터 응답이 없어 연결이 끊어졌습니다
2023-01-16 12:30:51,860 INFO ==> INFO 2 01042420660 20220513143859 5011815 P HSRM HSRM NA [STG][10056]7D0500
2023-01-16 12:31:12,918 ERROR ==> [WinError 10060] 연결된 구성원으로부터 응답이 없어 연결하지 못했거나, 호스트로부터 응답이 없어 연결이 끊어졌습니다
2023-01-16 12:31:12,918 INFO ==> INFO 2 01042420660 20220516164559 5011815 P HSRM HSRM NA [STG][10056]7D0500
2023-01-16 12:31:33,953 ERROR ==> [WinError 10060] 연결된 구성원으로부터 응답이 없어 연결하지 못했거나, 호스트로부터 응답이 없어 연결이 끊어졌습니다
2023-01-16 12:31:33,953 INFO ==> INFO 2 01042420660 20220516164559 5011815 P HSRM HSRM NA [STG][10058]7D0500
2023-01-16 12:31:54,991 ERROR ==> [WinError 10060] 연결된 구성원으로부터 응답이 없어 연결하지 못했거나, 호스트로부터 응답이 없어 연결이 끊어졌습니다
2023-01-16 12:31:54,991 INFO ==> INFO 2 01042420660 20220516164559 5011815 P HSRM HSRM NA [STG][11058]7D0500
2023-01-16 12:32:16,027 ERROR ==> [WinError 10060] 연결된 구성원으로부터 응답이 없어 연결하지 못했거나, 호스트로부터 응답이 없어 연결이 끊어졌습니다
2023-01-16 12:32:16,027 INFO ==> INFO 2 01042420660 20220531105930 5011815 P HSRM HSRM NA [STG][292605459]5000
2023-01-16 12:32:37,076 ERROR ==> [WinError 10060] 연결된 구성원으로부터 응답이 없어 연결하지 못했거나, 호스트로부터 응답이 없어 연결이 끊어졌습니다
2023-01-16 12:32:37,076 INFO ==> INFO 2 01042420660 20220531105700 5011815 P HSRM HSRM NA [STG][292605459]5000
2023-01-16 12:32:58,117 ERROR ==> [WinError 10060] 연결된 구성원으로부터 응답이 없어 연결하지 못했거나, 호스트로부터 응답이 없어 연결이 끊어졌습니다
2023-01-16 12:32:58,117 INFO ==> INFO 2 01042420660 20220531105700 5011815 P HSRM HSRM NA [STG][292605459]5000
2023-01-16 12:33:19,144 ERROR ==> [WinError 10060] 연결된 구성원으로부터 응답이 없어 연결하지 못했거나, 호스트로부터 응답이 없어 연결이 끊어졌습니다
2023-01-16 12:33:19,144 INFO ==> INFO 2 01042420660 20220610133432 5011815 P HSRM HSRM NA [STG][스토리지 #000427]5000
2023-01-16 12:33:40,194 ERROR ==> [WinError 10060] 연결된 구성원으로부터 응답이 없어 연결하지 못했거나, 호스트로부터 응답이 없어 연결이 끊어졌습니다
2023-01-16 12:33:40,194 INFO ==> INFO 2 01042420660 20220516164559 5011815 P HSRM HSRM NA [STG][스토리지 #011543]7D0500
2023-01-16 12:34:01,230 ERROR ==> [WinError 10060] 연결된 구성원으로부터 응답이 없어 연결하지 못했거나, 호스트로부터 응답이 없어 연결이 끊어졌습니다
2023-01-16 12:34:01,230 INFO ==> INFO 2 01042420660 20220610164559 5011815 P HSRM HSRM NA [STG][스토리지 #011543]7D0500
2023-01-16 12:34:22,281 ERROR ==> [WinError 10060] 연결된 구성원으로부터 응답이 없어 연결하지 못했거나, 호스트로부터 응답이 없어 연결이 끊어졌습니다
2023-01-16 12:34:22,281 INFO ==> INFO 2 01042420660 20220610142521 5011815 P HSRM HSRM NA [SWI][SAN스위치 #43L10M]SWI.MON.SFP.RX.I1
2023-01-16 12:34:43,322 ERROR ==> [WinError 10060] 연결된 구성원으로부터 응답이 없어 연결하지 못했거나, 호스트로부터 응답이 없어 연결이 끊어졌습니다
2023-01-16 12:34:43,322 INFO ==> INFO 2 01042420660 20220613142521 5011815 P HSRM HSRM NA [SWI][SAN스위치 #43L10M]SWI.MON.SFP.RX.I1
2023-01-16 12:35:04,364 ERROR ==> [WinError 10060] 연결된 구성원으로부터 응답이 없어 연결하지 못했거나, 호스트로부터 응답이 없어 연결이 끊어졌습니다
2023-01-16 12:35:04,364 INFO ==> INFO 2 01042420660 20220613164559 5011815 P HSRM HSRM NA [STG][스토리지 #011543]7D0500
2023-01-16 12:35:25,401 ERROR ==> [WinError 10060] 연결된 구성원으로부터 응답이 없어 연결하지 못했거나, 호스트로부터 응답이 없어 연결이 끊어졌습니다
2023-01-16 12:35:25,401 INFO ==> INFO 2 01042420660 20220613072633 5011815 P HSRM HSRM NA [STG][스토리지 #000427]5000
2023-01-16 12:35:46,432 ERROR ==> [WinError 10060] 연결된 구성원으로부터 응답이 없어 연결하지 못했거나, 호스트로부터 응답이 없어 연결이 끊어졌습니다
